This is LuaHBTeX, Version 1.16.0 (TeX Live 2023)  (format=lualatex 2023.4.11)  5 JUL 2023 08:21
 restricted system commands enabled.
**example.tex
(./example.tex
LaTeX2e <2022-11-01> patch level 1
Lua module: luaotfload 2022-10-03 3.23 Lua based OpenType font support
Lua module: lualibs 2022-10-04 2.75 ConTeXt Lua standard libraries.
Lua module: lualibs-extended 2022-10-04 2.75 ConTeXt Lua libraries -- extended c
ollection.
luaotfload | conf : Root cache directory is "/home/selin/.local/texlive/2023/tex
mf-var/luatex-cache/generic/names".
luaotfload | init : Loading fontloader "fontloader-2022-10-03.lua" from kpse-res
olved path "/home/selin/.local/texlive/2023/texmf-dist/tex/luatex/luaotfload/fon
tloader-2022-10-03.lua".
Lua-only attribute luaotfload@noligature = 1
luaotfload | init : Context OpenType loader version 3.120
Inserting `luaotfload.node_processor' in `pre_linebreak_filter'.
Inserting `luaotfload.node_processor' in `hpack_filter'.
Inserting `luaotfload.glyph_stream' in `glyph_stream_provider'.
Inserting `luaotfload.define_font' in `define_font'.
Lua-only attribute luaotfload_color_attribute = 2
luaotfload | conf : Root cache directory is "/home/selin/.local/texlive/2023/tex
mf-var/luatex-cache/generic/names".
Inserting `luaotfload.harf.strip_prefix' in `find_opentype_file'.
Inserting `luaotfload.harf.strip_prefix' in `find_truetype_file'.
Removing  `luaotfload.glyph_stream' from `glyph_stream_provider'.
Inserting `luaotfload.harf.glyphstream' in `glyph_stream_provider'.
Inserting `luaotfload.harf.finalize_vlist' in `post_linebreak_filter'.
Inserting `luaotfload.harf.finalize_hlist' in `hpack_filter'.
Inserting `luaotfload.cleanup_files' in `wrapup_run'.
Inserting `luaotfload.harf.finalize_unicode' in `finish_pdffile'.
Inserting `luaotfload.glyphinfo' in `glyph_info'.
Lua-only attribute luaotfload.letterspace_done = 3
Inserting `luaotfload.aux.set_sscale_dimens' in `luaotfload.patch_font'.
Inserting `luaotfload.aux.set_font_index' in `luaotfload.patch_font'.
Inserting `luaotfload.aux.patch_cambria_domh' in `luaotfload.patch_font'.
Inserting `luaotfload.aux.fixup_fontdata' in `luaotfload.patch_font_unsafe'.
Inserting `luaotfload.aux.set_capheight' in `luaotfload.patch_font'.
Inserting `luaotfload.aux.set_xheight' in `luaotfload.patch_font'.
Inserting `luaotfload.rewrite_fontname' in `luaotfload.patch_font'. L3 programm
ing layer <2023-03-30>
Inserting `tracingstacklevels' in `input_level_string'.
(/home/selin/.local/texlive/2023/texmf-dist/tex/latex/beamer/beamer.cls
Document Class: beamer 2023/02/20 v3.69 A class for typesetting presentations

(/home/selin/.local/texlive/2023/texmf-dist/tex/latex/beamer/beamerbasemodes.st
y (/home/selin/.local/texlive/2023/texmf-dist/tex/latex/etoolbox/etoolbox.sty
Package: etoolbox 2020/10/05 v2.5k e-TeX tools for LaTeX (JAW)
\etb@tempcnta=\count183
)
\beamer@tempbox=\box51
\beamer@tempcount=\count184
\c@beamerpauses=\count185

(/home/selin/.local/texlive/2023/texmf-dist/tex/latex/beamer/beamerbasedecode.s
ty
\beamer@slideinframe=\count186
\beamer@minimum=\count187
\beamer@decode@box=\box52
)
\beamer@commentbox=\box53
\beamer@modecount=\count188
) (/home/selin/.local/texlive/2023/texmf-dist/tex/generic/iftex/iftex.sty
Package: iftex 2022/02/03 v1.0f TeX engine tests
)
\headdp=\dimen139
\footheight=\dimen140
\sidebarheight=\dimen141
\beamer@tempdim=\dimen142
\beamer@finalheight=\dimen143
\beamer@animht=\dimen144
\beamer@animdp=\dimen145
\beamer@animwd=\dimen146
\beamer@leftmargin=\dimen147
\beamer@rightmargin=\dimen148
\beamer@leftsidebar=\dimen149
\beamer@rightsidebar=\dimen150
\beamer@boxsize=\dimen151
\beamer@vboxoffset=\dimen152
\beamer@descdefault=\dimen153
\beamer@descriptionwidth=\dimen154
\beamer@lastskip=\skip48
\beamer@areabox=\box54
\beamer@animcurrent=\box55
\beamer@animshowbox=\box56
\beamer@sectionbox=\box57
\beamer@logobox=\box58
\beamer@linebox=\box59
\beamer@sectioncount=\count189
\beamer@subsubsectionmax=\count190
\beamer@subsectionmax=\count191
\beamer@sectionmax=\count192
\beamer@totalheads=\count193
\beamer@headcounter=\count194
\beamer@partstartpage=\count195
\beamer@sectionstartpage=\count196
\beamer@subsectionstartpage=\count197
\beamer@animationtempa=\count198
\beamer@animationtempb=\count199
\beamer@xpos=\count266
\beamer@ypos=\count267
\beamer@ypos@offset=\count268
\beamer@showpartnumber=\count269
\beamer@currentsubsection=\count270
\beamer@coveringdepth=\count271
\beamer@sectionadjust=\count272
\beamer@toclastsection=\count273
\beamer@tocsectionnumber=\count274

(/home/selin/.local/texlive/2023/texmf-dist/tex/latex/beamer/beamerbaseoptions.
sty (/home/selin/.local/texlive/2023/texmf-dist/tex/latex/graphics/keyval.sty
Package: keyval 2022/05/29 v1.15 key=value parser (DPC)
\KV@toks@=\toks16
))
\beamer@paperwidth=\skip49
\beamer@paperheight=\skip50
(/home/selin/.local/texlive/2023/texmf-dist/tex/latex/geometry/geometry.sty
Package: geometry 2020/01/02 v5.9 Page Geometry

(/home/selin/.local/texlive/2023/texmf-dist/tex/generic/iftex/ifvtex.sty
Package: ifvtex 2019/10/25 v1.7 ifvtex legacy package. Use iftex instead.
)
\Gm@cnth=\count275
\Gm@cntv=\count276
\c@Gm@tempcnt=\count277
\Gm@bindingoffset=\dimen155
\Gm@wd@mp=\dimen156
\Gm@odd@mp=\dimen157
\Gm@even@mp=\dimen158
\Gm@layoutwidth=\dimen159
\Gm@layoutheight=\dimen160
\Gm@layouthoffset=\dimen161
\Gm@layoutvoffset=\dimen162
\Gm@dimlist=\toks17
)
(/home/selin/.local/texlive/2023/texmf-dist/tex/latex/pgf/math/pgfmath.sty
(/home/selin/.local/texlive/2023/texmf-dist/tex/latex/pgf/utilities/pgfrcs.sty
(/home/selin/.local/texlive/2023/texmf-dist/tex/generic/pgf/utilities/pgfutil-c
ommon.tex
\pgfutil@everybye=\toks18
\pgfutil@tempdima=\dimen163
\pgfutil@tempdimb=\dimen164
)
(/home/selin/.local/texlive/2023/texmf-dist/tex/generic/pgf/utilities/pgfutil-l
atex.def
\pgfutil@abb=\box60
)
(/home/selin/.local/texlive/2023/texmf-dist/tex/generic/pgf/utilities/pgfrcs.co
de.tex
(/home/selin/.local/texlive/2023/texmf-dist/tex/generic/pgf/pgf.revision.tex)
Package: pgfrcs 2023-01-15 v3.1.10 (3.1.10)
))
(/home/selin/.local/texlive/2023/texmf-dist/tex/latex/pgf/utilities/pgfkeys.sty

(/home/selin/.local/texlive/2023/texmf-dist/tex/generic/pgf/utilities/pgfkeys.c
ode.tex
\pgfkeys@pathtoks=\toks19
\pgfkeys@temptoks=\toks20

(/home/selin/.local/texlive/2023/texmf-dist/tex/generic/pgf/utilities/pgfkeysli
braryfiltered.code.tex
\pgfkeys@tmptoks=\toks21
)))
(/home/selin/.local/texlive/2023/texmf-dist/tex/generic/pgf/math/pgfmath.code.t
ex
(/home/selin/.local/texlive/2023/texmf-dist/tex/generic/pgf/math/pgfmathutil.co
de.tex
\pgf@x=\dimen165
\pgf@xa=\dimen166
\pgf@xb=\dimen167
\pgf@xc=\dimen168
\pgf@y=\dimen169
\pgf@ya=\dimen170
\pgf@yb=\dimen171
\pgf@yc=\dimen172
\c@pgf@counta=\count278
\c@pgf@countb=\count279
\c@pgf@countc=\count280
\c@pgf@countd=\count281
)
(/home/selin/.local/texlive/2023/texmf-dist/tex/generic/pgf/math/pgfmathparser.
code.tex
\pgfmath@dimen=\dimen173
\pgfmath@count=\count282
\pgfmath@box=\box61
\pgfmath@toks=\toks22
\pgfmath@stack@operand=\toks23
\pgfmath@stack@operation=\toks24
)
(/home/selin/.local/texlive/2023/texmf-dist/tex/generic/pgf/math/pgfmathfunctio
ns.code.tex)
(/home/selin/.local/texlive/2023/texmf-dist/tex/generic/pgf/math/pgfmathfunctio
ns.basic.code.tex)
(/home/selin/.local/texlive/2023/texmf-dist/tex/generic/pgf/math/pgfmathfunctio
ns.trigonometric.code.tex)
(/home/selin/.local/texlive/2023/texmf-dist/tex/generic/pgf/math/pgfmathfunctio
ns.random.code.tex)
(/home/selin/.local/texlive/2023/texmf-dist/tex/generic/pgf/math/pgfmathfunctio
ns.comparison.code.tex)
(/home/selin/.local/texlive/2023/texmf-dist/tex/generic/pgf/math/pgfmathfunctio
ns.base.code.tex)
(/home/selin/.local/texlive/2023/texmf-dist/tex/generic/pgf/math/pgfmathfunctio
ns.round.code.tex)
(/home/selin/.local/texlive/2023/texmf-dist/tex/generic/pgf/math/pgfmathfunctio
ns.misc.code.tex)
(/home/selin/.local/texlive/2023/texmf-dist/tex/generic/pgf/math/pgfmathfunctio
ns.integerarithmetics.code.tex)
(/home/selin/.local/texlive/2023/texmf-dist/tex/generic/pgf/math/pgfmathcalc.co
de.tex)
(/home/selin/.local/texlive/2023/texmf-dist/tex/generic/pgf/math/pgfmathfloat.c
ode.tex
\c@pgfmathroundto@lastzeros=\count283
)))
(/home/selin/.local/texlive/2023/texmf-dist/tex/latex/extsizes/size9.clo
File: size9.clo 1999/11/11 v1.4a NON-Standard LaTeX file (size option)
luaotfload | db : Font names database loaded from /home/selin/.local/texlive/202
3/texmf-var/luatex-cache/generic/names/luaotfload-names.luc.gz)
(/home/selin/.local/texlive/2023/texmf-dist/tex/latex/pgf/basiclayer/pgfcore.st
y (/home/selin/.local/texlive/2023/texmf-dist/tex/latex/graphics/graphicx.sty
Package: graphicx 2021/09/16 v1.2d Enhanced LaTeX Graphics (DPC,SPQR)

(/home/selin/.local/texlive/2023/texmf-dist/tex/latex/graphics/graphics.sty
Package: graphics 2022/03/10 v1.4e Standard LaTeX Graphics (DPC,SPQR)

(/home/selin/.local/texlive/2023/texmf-dist/tex/latex/graphics/trig.sty
Package: trig 2021/08/11 v1.11 sin cos tan (DPC)
)
(/home/selin/.local/texlive/2023/texmf-dist/tex/latex/graphics-cfg/graphics.cfg
File: graphics.cfg 2016/06/04 v1.11 sample graphics configuration
)
Package graphics Info: Driver file: luatex.def on input line 107.
 (/home/selin/.local/texlive/2023/texmf-dist/tex/latex/graphics-def/luatex.def
File: luatex.def 2022/09/22 v1.2d Graphics/color driver for luatex
))
\Gin@req@height=\dimen174
\Gin@req@width=\dimen175
)
(/home/selin/.local/texlive/2023/texmf-dist/tex/latex/pgf/systemlayer/pgfsys.st
y
(/home/selin/.local/texlive/2023/texmf-dist/tex/generic/pgf/systemlayer/pgfsys.
code.tex
Package: pgfsys 2023-01-15 v3.1.10 (3.1.10)
\pgf@x=\dimen176
\pgf@y=\dimen177
\pgf@xa=\dimen178
\pgf@ya=\dimen179
\pgf@xb=\dimen180
\pgf@yb=\dimen181
\pgf@xc=\dimen182
\pgf@yc=\dimen183
\pgf@xd=\dimen184
\pgf@yd=\dimen185
\w@pgf@writea=\write3
\r@pgf@reada=\read2
\c@pgf@counta=\count284
\c@pgf@countb=\count285
\c@pgf@countc=\count286
\c@pgf@countd=\count287
\t@pgf@toka=\toks25
\t@pgf@tokb=\toks26
\t@pgf@tokc=\toks27
\pgf@sys@id@count=\count288

(/home/selin/.local/texlive/2023/texmf-dist/tex/generic/pgf/systemlayer/pgf.cfg
File: pgf.cfg 2023-01-15 v3.1.10 (3.1.10)
)
Driver file for pgf: pgfsys-luatex.def

(/home/selin/.local/texlive/2023/texmf-dist/tex/generic/pgf/systemlayer/pgfsys-
luatex.def
File: pgfsys-luatex.def 2023-01-15 v3.1.10 (3.1.10)

(/home/selin/.local/texlive/2023/texmf-dist/tex/generic/pgf/systemlayer/pgfsys-
common-pdf.def
File: pgfsys-common-pdf.def 2023-01-15 v3.1.10 (3.1.10)
)))
(/home/selin/.local/texlive/2023/texmf-dist/tex/generic/pgf/systemlayer/pgfsyss
oftpath.code.tex
File: pgfsyssoftpath.code.tex 2023-01-15 v3.1.10 (3.1.10)
\pgfsyssoftpath@smallbuffer@items=\count289
\pgfsyssoftpath@bigbuffer@items=\count290
)
(/home/selin/.local/texlive/2023/texmf-dist/tex/generic/pgf/systemlayer/pgfsysp
rotocol.code.tex
File: pgfsysprotocol.code.tex 2023-01-15 v3.1.10 (3.1.10)
))
(/home/selin/.local/texlive/2023/texmf-dist/tex/latex/xcolor/xcolor.sty
Package: xcolor 2022/06/12 v2.14 LaTeX color extensions (UK)

(/home/selin/.local/texlive/2023/texmf-dist/tex/latex/graphics-cfg/color.cfg
File: color.cfg 2016/01/02 v1.6 sample color configuration
)
Package xcolor Info: Driver file: luatex.def on input line 227.

(/home/selin/.local/texlive/2023/texmf-dist/tex/latex/graphics/mathcolor.ltx)
Package xcolor Info: Model `cmy' substituted by `cmy0' on input line 1353.
Package xcolor Info: Model `hsb' substituted by `rgb' on input line 1357.
Package xcolor Info: Model `RGB' extended on input line 1369.
Package xcolor Info: Model `HTML' substituted by `rgb' on input line 1371.
Package xcolor Info: Model `Hsb' substituted by `hsb' on input line 1372.
Package xcolor Info: Model `tHsb' substituted by `hsb' on input line 1373.
Package xcolor Info: Model `HSB' substituted by `hsb' on input line 1374.
Package xcolor Info: Model `Gray' substituted by `gray' on input line 1375.
Package xcolor Info: Model `wave' substituted by `hsb' on input line 1376.
)
(/home/selin/.local/texlive/2023/texmf-dist/tex/generic/pgf/basiclayer/pgfcore.
code.tex
Package: pgfcore 2023-01-15 v3.1.10 (3.1.10)

(/home/selin/.local/texlive/2023/texmf-dist/tex/generic/pgf/math/pgfint.code.te
x)
(/home/selin/.local/texlive/2023/texmf-dist/tex/generic/pgf/basiclayer/pgfcorep
oints.code.tex
File: pgfcorepoints.code.tex 2023-01-15 v3.1.10 (3.1.10)
\pgf@picminx=\dimen186
\pgf@picmaxx=\dimen187
\pgf@picminy=\dimen188
\pgf@picmaxy=\dimen189
\pgf@pathminx=\dimen190
\pgf@pathmaxx=\dimen191
\pgf@pathminy=\dimen192
\pgf@pathmaxy=\dimen193
\pgf@xx=\dimen194
\pgf@xy=\dimen195
\pgf@yx=\dimen196
\pgf@yy=\dimen197
\pgf@zx=\dimen198
\pgf@zy=\dimen199
)
(/home/selin/.local/texlive/2023/texmf-dist/tex/generic/pgf/basiclayer/pgfcorep
athconstruct.code.tex
File: pgfcorepathconstruct.code.tex 2023-01-15 v3.1.10 (3.1.10)
\pgf@path@lastx=\dimen256
\pgf@path@lasty=\dimen257
)
(/home/selin/.local/texlive/2023/texmf-dist/tex/generic/pgf/basiclayer/pgfcorep
athusage.code.tex
File: pgfcorepathusage.code.tex 2023-01-15 v3.1.10 (3.1.10)
\pgf@shorten@end@additional=\dimen258
\pgf@shorten@start@additional=\dimen259
)
(/home/selin/.local/texlive/2023/texmf-dist/tex/generic/pgf/basiclayer/pgfcores
copes.code.tex
File: pgfcorescopes.code.tex 2023-01-15 v3.1.10 (3.1.10)
\pgfpic=\box62
\pgf@hbox=\box63
\pgf@layerbox@main=\box64
\pgf@picture@serial@count=\count291
)
(/home/selin/.local/texlive/2023/texmf-dist/tex/generic/pgf/basiclayer/pgfcoreg
raphicstate.code.tex
File: pgfcoregraphicstate.code.tex 2023-01-15 v3.1.10 (3.1.10)
\pgflinewidth=\dimen260
)
(/home/selin/.local/texlive/2023/texmf-dist/tex/generic/pgf/basiclayer/pgfcoret
ransformations.code.tex
File: pgfcoretransformations.code.tex 2023-01-15 v3.1.10 (3.1.10)
\pgf@pt@x=\dimen261
\pgf@pt@y=\dimen262
\pgf@pt@temp=\dimen263
)
(/home/selin/.local/texlive/2023/texmf-dist/tex/generic/pgf/basiclayer/pgfcoreq
uick.code.tex
File: pgfcorequick.code.tex 2023-01-15 v3.1.10 (3.1.10)
)
(/home/selin/.local/texlive/2023/texmf-dist/tex/generic/pgf/basiclayer/pgfcoreo
bjects.code.tex
File: pgfcoreobjects.code.tex 2023-01-15 v3.1.10 (3.1.10)
)
(/home/selin/.local/texlive/2023/texmf-dist/tex/generic/pgf/basiclayer/pgfcorep
athprocessing.code.tex
File: pgfcorepathprocessing.code.tex 2023-01-15 v3.1.10 (3.1.10)
)
(/home/selin/.local/texlive/2023/texmf-dist/tex/generic/pgf/basiclayer/pgfcorea
rrows.code.tex
File: pgfcorearrows.code.tex 2023-01-15 v3.1.10 (3.1.10)
\pgfarrowsep=\dimen264
)
(/home/selin/.local/texlive/2023/texmf-dist/tex/generic/pgf/basiclayer/pgfcores
hade.code.tex
File: pgfcoreshade.code.tex 2023-01-15 v3.1.10 (3.1.10)
\pgf@max=\dimen265
\pgf@sys@shading@range@num=\count292
\pgf@shadingcount=\count293
)
(/home/selin/.local/texlive/2023/texmf-dist/tex/generic/pgf/basiclayer/pgfcorei
mage.code.tex
File: pgfcoreimage.code.tex 2023-01-15 v3.1.10 (3.1.10)
)
(/home/selin/.local/texlive/2023/texmf-dist/tex/generic/pgf/basiclayer/pgfcoree
xternal.code.tex
File: pgfcoreexternal.code.tex 2023-01-15 v3.1.10 (3.1.10)
\pgfexternal@startupbox=\box65
)
(/home/selin/.local/texlive/2023/texmf-dist/tex/generic/pgf/basiclayer/pgfcorel
ayers.code.tex
File: pgfcorelayers.code.tex 2023-01-15 v3.1.10 (3.1.10)
)
(/home/selin/.local/texlive/2023/texmf-dist/tex/generic/pgf/basiclayer/pgfcoret
ransparency.code.tex
File: pgfcoretransparency.code.tex 2023-01-15 v3.1.10 (3.1.10)
)
(/home/selin/.local/texlive/2023/texmf-dist/tex/generic/pgf/basiclayer/pgfcorep
atterns.code.tex
File: pgfcorepatterns.code.tex 2023-01-15 v3.1.10 (3.1.10)
)
(/home/selin/.local/texlive/2023/texmf-dist/tex/generic/pgf/basiclayer/pgfcorer
df.code.tex
File: pgfcorerdf.code.tex 2023-01-15 v3.1.10 (3.1.10)
)))
(/home/selin/.local/texlive/2023/texmf-dist/tex/latex/pgf/utilities/xxcolor.sty
Package: xxcolor 2003/10/24 ver 0.1
\XC@nummixins=\count294
\XC@countmixins=\count295
) (/home/selin/.local/texlive/2023/texmf-dist/tex/latex/base/atbegshi-ltx.sty
Package: atbegshi-ltx 2021/01/10 v1.0c Emulation of the original atbegshi
package with kernel methods
)
(/home/selin/.local/texlive/2023/texmf-dist/tex/latex/hyperref/hyperref.sty
Package: hyperref 2023-02-07 v7.00v Hypertext links for LaTeX

(/home/selin/.local/texlive/2023/texmf-dist/tex/generic/ltxcmds/ltxcmds.sty
Package: ltxcmds 2020-05-10 v1.25 LaTeX kernel commands for general use (HO)
)
(/home/selin/.local/texlive/2023/texmf-dist/tex/generic/pdftexcmds/pdftexcmds.s
ty
Package: pdftexcmds 2020-06-27 v0.33 Utility functions of pdfTeX for LuaTeX (HO
)

(/home/selin/.local/texlive/2023/texmf-dist/tex/generic/infwarerr/infwarerr.sty
Package: infwarerr 2019/12/03 v1.5 Providing info/warning/error messages (HO)
)
Package pdftexcmds Info: \pdf@primitive is available.
Package pdftexcmds Info: \pdf@ifprimitive is available.
Package pdftexcmds Info: \pdfdraftmode found.
\pdftexcmds@toks=\toks28
)
(/home/selin/.local/texlive/2023/texmf-dist/tex/latex/kvsetkeys/kvsetkeys.sty
Package: kvsetkeys 2022-10-05 v1.19 Key value parser (HO)
)
(/home/selin/.local/texlive/2023/texmf-dist/tex/generic/kvdefinekeys/kvdefineke
ys.sty
Package: kvdefinekeys 2019-12-19 v1.6 Define keys (HO)
)
(/home/selin/.local/texlive/2023/texmf-dist/tex/generic/pdfescape/pdfescape.sty
Package: pdfescape 2019/12/09 v1.15 Implements pdfTeX's escape features (HO)
) (/home/selin/.local/texlive/2023/texmf-dist/tex/latex/hycolor/hycolor.sty
Package: hycolor 2020-01-27 v1.10 Color options for hyperref/bookmark (HO)
)
(/home/selin/.local/texlive/2023/texmf-dist/tex/latex/letltxmacro/letltxmacro.s
ty
Package: letltxmacro 2019/12/03 v1.6 Let assignment for LaTeX macros (HO)
) (/home/selin/.local/texlive/2023/texmf-dist/tex/latex/auxhook/auxhook.sty
Package: auxhook 2019-12-17 v1.6 Hooks for auxiliary files (HO)
)
(/home/selin/.local/texlive/2023/texmf-dist/tex/latex/hyperref/nameref.sty
Package: nameref 2022-05-17 v2.50 Cross-referencing by name of section

(/home/selin/.local/texlive/2023/texmf-dist/tex/latex/refcount/refcount.sty
Package: refcount 2019/12/15 v3.6 Data extraction from label references (HO)
)
(/home/selin/.local/texlive/2023/texmf-dist/tex/generic/gettitlestring/gettitle
string.sty
Package: gettitlestring 2019/12/15 v1.6 Cleanup title references (HO)

(/home/selin/.local/texlive/2023/texmf-dist/tex/latex/kvoptions/kvoptions.sty
Package: kvoptions 2022-06-15 v3.15 Key value format for package options (HO)
))
\c@section@level=\count296
)
\@linkdim=\dimen266
\Hy@linkcounter=\count297
\Hy@pagecounter=\count298
 (/home/selin/.local/texlive/2023/texmf-dist/tex/latex/hyperref/pd1enc.def
File: pd1enc.def 2023-02-07 v7.00v Hyperref: PDFDocEncoding definition (HO)
)
(/home/selin/.local/texlive/2023/texmf-dist/tex/generic/intcalc/intcalc.sty
Package: intcalc 2019/12/15 v1.3 Expandable calculations with integers (HO)
)
(/home/selin/.local/texlive/2023/texmf-dist/tex/generic/etexcmds/etexcmds.sty
Package: etexcmds 2019/12/15 v1.7 Avoid name clashes with e-TeX commands (HO)
)
\Hy@SavedSpaceFactor=\count299

(/home/selin/.local/texlive/2023/texmf-dist/tex/latex/hyperref/puenc.def
File: puenc.def 2023-02-07 v7.00v Hyperref: PDF Unicode definition (HO)
)
Package hyperref Info: Option `unicode' set `true' on input line 4060.
Package hyperref Info: Option `bookmarks' set `true' on input line 4060.
Package hyperref Info: Option `bookmarksopen' set `true' on input line 4060.
Package hyperref Info: Option `implicit' set `false' on input line 4060.
Package hyperref Info: Hyper figures OFF on input line 4177.
Package hyperref Info: Link nesting OFF on input line 4182.
Package hyperref Info: Hyper index ON on input line 4185.
Package hyperref Info: Plain pages OFF on input line 4192.
Package hyperref Info: Backreferencing OFF on input line 4197.
Package hyperref Info: Implicit mode OFF; no redefinition of LaTeX internals.
Package hyperref Info: Bookmarks ON on input line 4425.
\c@Hy@tempcnt=\count300

(/home/selin/.local/texlive/2023/texmf-dist/tex/latex/url/url.sty
\Urlmuskip=\muskip16
Package: url 2013/09/16  ver 3.4  Verb mode for urls, etc.
)
LaTeX Info: Redefining \url on input line 4763.
\XeTeXLinkMargin=\dimen267

(/home/selin/.local/texlive/2023/texmf-dist/tex/generic/bitset/bitset.sty
Package: bitset 2019/12/09 v1.3 Handle bit-vector datatype (HO)

(/home/selin/.local/texlive/2023/texmf-dist/tex/generic/bigintcalc/bigintcalc.s
ty
Package: bigintcalc 2019/12/15 v1.5 Expandable calculations on big integers (HO
)
))
\Fld@menulength=\count301
\Field@Width=\dimen268
\Fld@charsize=\dimen269
Package hyperref Info: Hyper figures OFF on input line 6042.
Package hyperref Info: Link nesting OFF on input line 6047.
Package hyperref Info: Hyper index ON on input line 6050.
Package hyperref Info: backreferencing OFF on input line 6057.
Package hyperref Info: Link coloring OFF on input line 6062.
Package hyperref Info: Link coloring with OCG OFF on input line 6067.
Package hyperref Info: PDF/A mode OFF on input line 6072.
\Hy@abspage=\count302


Package hyperref Message: Stopped early.

)
Package hyperref Info: Driver (autodetected): hluatex.
 (/home/selin/.local/texlive/2023/texmf-dist/tex/latex/hyperref/hluatex.def
File: hluatex.def 2023-02-07 v7.00v Hyperref driver for luaTeX

(/home/selin/.local/texlive/2023/texmf-dist/tex/generic/stringenc/stringenc.sty
Package: stringenc 2019/11/29 v1.12 Convert strings between diff. encodings (HO
)
) (/home/selin/.local/texlive/2023/texmf-dist/tex/latex/base/atveryend-ltx.sty
Package: atveryend-ltx 2020/08/19 v1.0a Emulation of the original atveryend pac
kage
with kernel methods
)
\Fld@listcount=\count303
\c@bookmark@seq@number=\count304

(/home/selin/.local/texlive/2023/texmf-dist/tex/latex/rerunfilecheck/rerunfilec
heck.sty
Package: rerunfilecheck 2022-07-10 v1.10 Rerun checks for auxiliary files (HO)

(/home/selin/.local/texlive/2023/texmf-dist/tex/generic/uniquecounter/uniquecou
nter.sty
Package: uniquecounter 2019/12/15 v1.4 Provide unlimited unique counter (HO)
)
Package uniquecounter Info: New unique counter `rerunfilecheck' on input line 2
85.
))
(/home/selin/.local/texlive/2023/texmf-dist/tex/latex/beamer/beamerbaserequires
.sty
(/home/selin/.local/texlive/2023/texmf-dist/tex/latex/beamer/beamerbasecompatib
ility.sty)
(/home/selin/.local/texlive/2023/texmf-dist/tex/latex/beamer/beamerbasefont.sty
(/home/selin/.local/texlive/2023/texmf-dist/tex/latex/amsfonts/amssymb.sty
Package: amssymb 2013/01/14 v3.01 AMS font symbols

(/home/selin/.local/texlive/2023/texmf-dist/tex/latex/amsfonts/amsfonts.sty
Package: amsfonts 2013/01/14 v3.01 Basic AMSFonts support
\@emptytoks=\toks29
\symAMSa=\mathgroup4
\symAMSb=\mathgroup5
LaTeX Font Info:    Redeclaring math symbol \hbar on input line 98.
LaTeX Font Info:    Overwriting math alphabet `\mathfrak' in version `bold'
(Font)                  U/euf/m/n --> U/euf/b/n on input line 106.
))
(/home/selin/.local/texlive/2023/texmf-dist/tex/latex/sansmathaccent/sansmathac
cent.sty
Package: sansmathaccent 2020/01/31

(/home/selin/.local/texlive/2023/texmf-dist/tex/latex/koma-script/scrlfile.sty
Package: scrlfile 2022/10/12 v3.38 KOMA-Script package (file load hooks)

(/home/selin/.local/texlive/2023/texmf-dist/tex/latex/koma-script/scrlfile-hook
.sty
Package: scrlfile-hook 2022/10/12 v3.38 KOMA-Script package (using LaTeX hooks)


(/home/selin/.local/texlive/2023/texmf-dist/tex/latex/koma-script/scrlogo.sty
Package: scrlogo 2022/10/12 v3.38 KOMA-Script package (logo)
)))))
(/home/selin/.local/texlive/2023/texmf-dist/tex/latex/beamer/beamerbasetranslat
or.sty
(/home/selin/.local/texlive/2023/texmf-dist/tex/latex/translator/translator.sty
Package: translator 2021-05-31 v1.12d Easy translation of strings in LaTeX
))
(/home/selin/.local/texlive/2023/texmf-dist/tex/latex/beamer/beamerbasemisc.sty
)
(/home/selin/.local/texlive/2023/texmf-dist/tex/latex/beamer/beamerbasetwoscree
ns.sty)
(/home/selin/.local/texlive/2023/texmf-dist/tex/latex/beamer/beamerbaseoverlay.
sty
\beamer@argscount=\count305
\beamer@lastskipcover=\skip51
\beamer@trivlistdepth=\count306
)
(/home/selin/.local/texlive/2023/texmf-dist/tex/latex/beamer/beamerbasetitle.st
y)
(/home/selin/.local/texlive/2023/texmf-dist/tex/latex/beamer/beamerbasesection.
sty
\c@lecture=\count307
\c@part=\count308
\c@section=\count309
\c@subsection=\count310
\c@subsubsection=\count311
)
(/home/selin/.local/texlive/2023/texmf-dist/tex/latex/beamer/beamerbaseframe.st
y
\beamer@framebox=\box66
\beamer@frametitlebox=\box67
\beamer@zoombox=\box68
\beamer@zoomcount=\count312
\beamer@zoomframecount=\count313
\beamer@frametextheight=\dimen270
\c@subsectionslide=\count314
\beamer@frametopskip=\skip52
\beamer@framebottomskip=\skip53
\beamer@frametopskipautobreak=\skip54
\beamer@framebottomskipautobreak=\skip55
\beamer@envbody=\toks30
\framewidth=\dimen271
\c@framenumber=\count315
)
(/home/selin/.local/texlive/2023/texmf-dist/tex/latex/beamer/beamerbaseverbatim
.sty
\beamer@verbatimfileout=\write4
)
(/home/selin/.local/texlive/2023/texmf-dist/tex/latex/beamer/beamerbaseframesiz
e.sty
\beamer@splitbox=\box69
\beamer@autobreakcount=\count316
\beamer@autobreaklastheight=\dimen272
\beamer@frametitletoks=\toks31
\beamer@framesubtitletoks=\toks32
)
(/home/selin/.local/texlive/2023/texmf-dist/tex/latex/beamer/beamerbaseframecom
ponents.sty
\beamer@footins=\box70
)
(/home/selin/.local/texlive/2023/texmf-dist/tex/latex/beamer/beamerbasecolor.st
y)
(/home/selin/.local/texlive/2023/texmf-dist/tex/latex/beamer/beamerbasenotes.st
y
\beamer@frameboxcopy=\box71
)
(/home/selin/.local/texlive/2023/texmf-dist/tex/latex/beamer/beamerbasetoc.sty)
(/home/selin/.local/texlive/2023/texmf-dist/tex/latex/beamer/beamerbasetemplate
s.sty
\beamer@sbttoks=\toks33

(/home/selin/.local/texlive/2023/texmf-dist/tex/latex/beamer/beamerbaseauxtempl
ates.sty
(/home/selin/.local/texlive/2023/texmf-dist/tex/latex/beamer/beamerbaseboxes.st
y
\bmb@box=\box72
\bmb@colorbox=\box73
\bmb@boxwidth=\dimen273
\bmb@boxheight=\dimen274
\bmb@prevheight=\dimen275
\bmb@temp=\dimen276
\bmb@dima=\dimen277
\bmb@dimb=\dimen278
\bmb@prevheight=\dimen279
)
\beamer@blockheadheight=\dimen280
))
(/home/selin/.local/texlive/2023/texmf-dist/tex/latex/beamer/beamerbaselocalstr
ucture.sty
(/home/selin/.local/texlive/2023/texmf-dist/tex/latex/tools/enumerate.sty
Package: enumerate 2015/07/23 v3.00 enumerate extensions (DPC)
\@enLab=\toks34
)
\beamer@bibiconwidth=\skip56
\c@figure=\count317
\c@table=\count318
\abovecaptionskip=\skip57
\belowcaptionskip=\skip58
)
(/home/selin/.local/texlive/2023/texmf-dist/tex/latex/beamer/beamerbasenavigati
on.sty
(/home/selin/.local/texlive/2023/texmf-dist/tex/latex/beamer/beamerbasenavigati
onsymbols.tex)
\beamer@section@min@dim=\dimen281
)
(/home/selin/.local/texlive/2023/texmf-dist/tex/latex/beamer/beamerbasetheorems
.sty (/home/selin/.local/texlive/2023/texmf-dist/tex/latex/amsmath/amsmath.sty
Package: amsmath 2022/04/08 v2.17n AMS math features
\@mathmargin=\skip59

For additional information on amsmath, use the `?' option.
(/home/selin/.local/texlive/2023/texmf-dist/tex/latex/amsmath/amstext.sty
Package: amstext 2021/08/26 v2.01 AMS text

(/home/selin/.local/texlive/2023/texmf-dist/tex/latex/amsmath/amsgen.sty
File: amsgen.sty 1999/11/30 v2.0 generic functions
\@emptytoks=\toks35
\ex@=\dimen282
))
(/home/selin/.local/texlive/2023/texmf-dist/tex/latex/amsmath/amsbsy.sty
Package: amsbsy 1999/11/29 v1.2d Bold Symbols
\pmbraise@=\dimen283
)
(/home/selin/.local/texlive/2023/texmf-dist/tex/latex/amsmath/amsopn.sty
Package: amsopn 2022/04/08 v2.04 operator names
)
\inf@bad=\count319
LaTeX Info: Redefining \frac on input line 236.
\uproot@=\count320
\leftroot@=\count321
LaTeX Info: Redefining \overline on input line 399.
LaTeX Info: Redefining \colon on input line 410.
\classnum@=\count322
\DOTSCASE@=\count323
LaTeX Info: Redefining \ldots on input line 496.
LaTeX Info: Redefining \dots on input line 499.
LaTeX Info: Redefining \cdots on input line 620.
\Mathstrutbox@=\box74
\strutbox@=\box75
LaTeX Info: Redefining \big on input line 722.
LaTeX Info: Redefining \Big on input line 723.
LaTeX Info: Redefining \bigg on input line 724.
LaTeX Info: Redefining \Bigg on input line 725.
\big@size=\dimen284
LaTeX Font Info:    Redeclaring font encoding OML on input line 743.
LaTeX Font Info:    Redeclaring font encoding OMS on input line 744.
\macc@depth=\count324
LaTeX Info: Redefining \bmod on input line 905.
LaTeX Info: Redefining \pmod on input line 910.
LaTeX Info: Redefining \smash on input line 940.
LaTeX Info: Redefining \relbar on input line 970.
LaTeX Info: Redefining \Relbar on input line 971.
\c@MaxMatrixCols=\count325
\dotsspace@=\muskip17
\c@parentequation=\count326
\dspbrk@lvl=\count327
\tag@help=\toks36
\row@=\count328
\column@=\count329
\maxfields@=\count330
\andhelp@=\toks37
\eqnshift@=\dimen285
\alignsep@=\dimen286
\tagshift@=\dimen287
\tagwidth@=\dimen288
\totwidth@=\dimen289
\lineht@=\dimen290
\@envbody=\toks38
\multlinegap=\skip60
\multlinetaggap=\skip61
\mathdisplay@stack=\toks39
LaTeX Info: Redefining \[ on input line 2953.
LaTeX Info: Redefining \] on input line 2954.
)
(/home/selin/.local/texlive/2023/texmf-dist/tex/latex/amscls/amsthm.sty
Package: amsthm 2020/05/29 v2.20.6
\thm@style=\toks40
\thm@bodyfont=\toks41
\thm@headfont=\toks42
\thm@notefont=\toks43
\thm@headpunct=\toks44
\thm@preskip=\skip62
\thm@postskip=\skip63
\thm@headsep=\skip64
\dth@everypar=\toks45
)
\c@theorem=\count331
)
(/home/selin/.local/texlive/2023/texmf-dist/tex/latex/beamer/beamerbasethemes.s
ty))
(/home/selin/.local/texlive/2023/texmf-dist/tex/latex/beamer/beamerthemedefault
.sty
(/home/selin/.local/texlive/2023/texmf-dist/tex/latex/beamer/beamerfontthemedef
ault.sty)
(/home/selin/.local/texlive/2023/texmf-dist/tex/latex/beamer/beamercolorthemede
fault.sty)
(/home/selin/.local/texlive/2023/texmf-dist/tex/latex/beamer/beamerinnerthemede
fault.sty
\beamer@dima=\dimen291
\beamer@dimb=\dimen292
)
(/home/selin/.local/texlive/2023/texmf-dist/tex/latex/beamer/beamerouterthemede
fault.sty)))
(/home/selin/.local/texlive/2023/texmf-dist/tex/latex/polyglossia/polyglossia.s
ty
Package: polyglossia 2023/02/11 v1.60 Modern multilingual typesetting with XeLa
TeX and LuaLaTeX
 (/home/selin/.local/texlive/2023/texmf-dist/tex/latex/makecmds/makecmds.sty
Package: makecmds 2009/09/03 v1.0a extra command making commands
) (/home/selin/.local/texlive/2023/texmf-dist/tex/latex/xkeyval/xkeyval.sty
Package: xkeyval 2022/06/16 v2.9 package option processing (HA)

(/home/selin/.local/texlive/2023/texmf-dist/tex/generic/xkeyval/xkeyval.tex
(/home/selin/.local/texlive/2023/texmf-dist/tex/generic/xkeyval/xkvutils.tex
\XKV@toks=\toks46
\XKV@tempa@toks=\toks47
)
\XKV@depth=\count332
File: xkeyval.tex 2014/12/03 v2.7a key=value parser (HA)
)) (/home/selin/.local/texlive/2023/texmf-dist/tex/latex/fontspec/fontspec.sty
(/home/selin/.local/texlive/2023/texmf-dist/tex/latex/l3packages/xparse/xparse.
sty (/home/selin/.local/texlive/2023/texmf-dist/tex/latex/l3kernel/expl3.sty
Package: expl3 2023-03-30 L3 programming layer (loader) 

(/home/selin/.local/texlive/2023/texmf-dist/tex/latex/l3backend/l3backend-luate
x.def
File: l3backend-luatex.def 2023-03-30 L3 backend support: PDF output (LuaTeX)
\l__color_backend_stack_int=\count333
Inserting `l3color' in `luaotfload.parse_color'.
\l__pdf_internal_box=\box76
))
Package: xparse 2023-02-02 L3 Experimental document command parser
)
Package: fontspec 2022/01/15 v2.8a Font selection for XeLaTeX and LuaLaTeX
Lua module: fontspec 2022/01/15 2.8a Font selection for XeLaTeX and LuaLaTeX
(/home/selin/.local/texlive/2023/texmf-dist/tex/latex/fontspec/fontspec-luatex.
sty
Package: fontspec-luatex 2022/01/15 v2.8a Font selection for XeLaTeX and LuaLaT
eX
\l__fontspec_script_int=\count334
\l__fontspec_language_int=\count335
\l__fontspec_strnum_int=\count336
\l__fontspec_tmp_int=\count337
\l__fontspec_tmpa_int=\count338
\l__fontspec_tmpb_int=\count339
\l__fontspec_tmpc_int=\count340
\l__fontspec_em_int=\count341
\l__fontspec_emdef_int=\count342
\l__fontspec_strong_int=\count343
\l__fontspec_strongdef_int=\count344
\l__fontspec_tmpa_dim=\dimen293
\l__fontspec_tmpb_dim=\dimen294
\l__fontspec_tmpc_dim=\dimen295
 (/home/selin/.local/texlive/2023/texmf-dist/tex/latex/base/fontenc.sty
Package: fontenc 2021/04/29 v2.0v Standard LaTeX package
)
(/home/selin/.local/texlive/2023/texmf-dist/tex/latex/fontspec/fontspec.cfg)))
(/home/selin/.local/texlive/2023/texmf-dist/tex/latex/l3packages/l3keys2e/l3key
s2e.sty
Package: l3keys2e 2023-02-02 LaTeX2e option processing using LaTeX3 keys
)
(/home/selin/.local/texlive/2023/texmf-dist/tex/luatex/luatexbase/luatexbase.st
y
Package: luatexbase 2015/10/04 v1.3 luatexbase interface to LuaTeX 

(/home/selin/.local/texlive/2023/texmf-dist/tex/luatex/ctablestack/ctablestack.
sty
Package: ctablestack 2015/10/01 v1.0 Catcode table stable support
\@catcodetablestackcnt=\count345
)
\CatcodeTableOther=\catcodetable12
\CatcodeTableExpl=\catcodetable13
)
Lua module: polyglossia 2013/05/11 1.3 Polyglossia
(/home/selin/.local/texlive/2023/texmf-dist/tex/latex/polyglossia/gloss-latex.l
de
Package: gloss-latex 2023/02/11 vv1.60 polyglossia: module for default language

The property list \polyglossia@langsetup contains the pairs (without outer
braces):
>  {latex/script}  =>  {latin}
>  {latex/lcscript}  =>  {latin}
>  {latex/scripttag}  =>  {}
>  {latex/language}  =>  {Latex}
>  {latex/langtag}  =>  {ENG}
>  {latex/bcp47}  =>  {}
>  {latex/hyphennames}  =>  {english}
>  {latex/direction}  =>  {LR}
>  {latex/hyphenmins}  =>  {2,3}
>  {latex/frenchspacing}  =>  {false}
>  {latex/indentfirst}  =>  {false}
>  {latex/fontsetup}  =>  {true}
>  {latex/envname}  =>  {latex}
>  {latex/babelname}  =>  {latex}
>  {latex/localnumeral}  =>  {polyglossia@C@localnumeral}
>  {latex/Localnumeral}  =>  {polyglossia@C@localnumeral}
>  {latex/DefineCommandsCmd}  =>  {use_none:n}.
)
Package polyglossia Info: Default language is latex.
Package polyglossia Info: Setting LuaTeX font renderer to Harfbuzz.
)
(/home/selin/.local/texlive/2023/texmf-dist/tex/latex/polyglossia/gloss-german.
ldf
File: gloss-german.ldf polyglossia: module for German
The property list \polyglossia@langsetup contains the pairs (without outer
braces):
>  {latex/script}  =>  {latin}
>  {latex/lcscript}  =>  {latin}
>  {latex/scripttag}  =>  {}
>  {latex/language}  =>  {Latex}
>  {latex/langtag}  =>  {ENG}
>  {latex/bcp47}  =>  {}
>  {latex/hyphennames}  =>  {english}
>  {latex/direction}  =>  {LR}
>  {latex/hyphenmins}  =>  {2,3}
>  {latex/frenchspacing}  =>  {false}
>  {latex/indentfirst}  =>  {false}
>  {latex/fontsetup}  =>  {true}
>  {latex/envname}  =>  {latex}
>  {latex/babelname}  =>  {latex}
>  {latex/localnumeral}  =>  {polyglossia@C@localnumeral}
>  {latex/Localnumeral}  =>  {polyglossia@C@localnumeral}
>  {latex/DefineCommandsCmd}  =>  {use_none:n}
>  {german/script}  =>  {latin}
>  {german/lcscript}  =>  {latin}
>  {german/scripttag}  =>  {}
>  {german/language}  =>  {German}
>  {german/langtag}  =>  {DEU}
>  {german/bcp47}  =>  {de-DE}
>  {german/hyphennames}  =>  {}
>  {german/direction}  =>  {LR}
>  {german/hyphenmins}  =>  {2,2}
>  {german/frenchspacing}  =>  {true}
>  {german/indentfirst}  =>  {false}
>  {german/fontsetup}  =>  {true}
>  {german/envname}  =>  {german}
>  {german/babelname}  =>  {ngerman}
>  {german/localnumeral}  =>  {polyglossia@C@localnumeral}
>  {german/Localnumeral}  =>  {polyglossia@C@localnumeral}
>  {german/DefineCommandsCmd}  =>  {xpg_define_language_commands:e}.
Module polyglossia Info: Language data for german
(polyglossia)            loader	loadhyph-de-1901.tex
(polyglossia)            synonyms	
(polyglossia)            righthyphenmin	2
(polyglossia)            hyphenation	
(polyglossia)            lefthyphenmin	2
(polyglossia)            patterns	hyph-de-1901.pat.txt on input line 12
Module polyglossia Info: Language german was not yet loaded; created with id 2 o
n input line 12
Package polyglossia Info: Option: German, spelling=new.
Package polyglossia Info: Option: German, script=latin.
Package polyglossia Info: Option: German, variant=german.
Package polyglossia Info: Option: German, variant=german.
Package polyglossia Info: Option: German, spelling=new.
Package polyglossia Info: Option: German, script=latin.

(/home/selin/.local/texlive/2023/texmf-dist/tex/latex/polyglossia/babelsh.def
File: babelsh.def 2022/06/21 Babel common definitions for shorthands
 Taken verbatim from babel files (2022/06/06 v3.76)
)
Package babel Info: Making " an active character on input line 179.
)
Package polyglossia Info: Default language is german.
(/home/selin/.local/texlive/2023/texmf-dist/tex/latex/csquotes/csquotes.sty
Package: csquotes 2022-09-14 v5.2n context-sensitive quotations (JAW)
\csq@reset=\count346
\csq@gtype=\count347
\csq@glevel=\count348
\csq@qlevel=\count349
\csq@maxlvl=\count350
\csq@tshold=\count351
\csq@ltx@everypar=\toks48

(/home/selin/.local/texlive/2023/texmf-dist/tex/latex/csquotes/csquotes.def
File: csquotes.def 2022-09-14 v5.2n csquotes generic definitions (JAW)
)
Package csquotes Info: Trying to load configuration file 'csquotes.cfg'...
Package csquotes Info: ... configuration file loaded successfully.

(/home/selin/.local/texlive/2023/texmf-dist/tex/latex/csquotes/csquotes.cfg
File: csquotes.cfg 
))
(/home/selin/.local/texlive/2023/texmf-dist/tex/latex/mathtools/mathtools.sty
Package: mathtools 2022/06/29 v1.29 mathematical typesetting tools

(/home/selin/.local/texlive/2023/texmf-dist/tex/latex/tools/calc.sty
Package: calc 2017/05/25 v4.3 Infix arithmetic (KKT,FJ)
\calc@Acount=\count352
\calc@Bcount=\count353
\calc@Adimen=\dimen296
\calc@Bdimen=\dimen297
\calc@Askip=\skip65
\calc@Bskip=\skip66
LaTeX Info: Redefining \setlength on input line 80.
LaTeX Info: Redefining \addtolength on input line 81.
\calc@Ccount=\count354
\calc@Cskip=\skip67
)
(/home/selin/.local/texlive/2023/texmf-dist/tex/latex/mathtools/mhsetup.sty
Package: mhsetup 2021/03/18 v1.4 programming setup (MH)
)
\g_MT_multlinerow_int=\count355
\l_MT_multwidth_dim=\dimen298
\origjot=\skip68
\l_MT_shortvdotswithinadjustabove_dim=\dimen299
\l_MT_shortvdotswithinadjustbelow_dim=\dimen300
\l_MT_above_intertext_sep=\dimen301
\l_MT_below_intertext_sep=\dimen302
\l_MT_above_shortintertext_sep=\dimen303
\l_MT_below_shortintertext_sep=\dimen304
\xmathstrut@box=\box77
\xmathstrut@dim=\dimen305
)
(/home/selin/.local/texlive/2023/texmf-dist/tex/latex/bookmark/bookmark.sty
Package: bookmark 2020-11-06 v1.29 PDF bookmarks (HO)

(/home/selin/.local/texlive/2023/texmf-dist/tex/latex/bookmark/bkm-pdftex.def
File: bkm-pdftex.def 2020-11-06 v1.29 bookmark driver for pdfTeX (HO)
\BKM@id=\count356
)) (/home/selin/.local/texlive/2023/texmf-dist/tex/latex/wrapfig/wrapfig.sty
\wrapoverhang=\dimen306
\WF@size=\dimen307
\c@WF@wrappedlines=\count357
\WF@box=\box78
\WF@everypar=\toks49
Package: wrapfig 2003/01/31  v 3.6
)
(/home/selin/.local/texlive/2023/texmf-dist/tex/latex/lipsum/lipsum.sty
Package: lipsum 2021-09-20 v2.7 150 paragraphs of Lorem Ipsum dummy text
\g__lipsum_par_int=\count358
\l__lipsum_a_int=\count359
\l__lipsum_b_int=\count360

(/home/selin/.local/texlive/2023/texmf-dist/tex/latex/lipsum/lipsum.ltd.tex))
(./beamerthemetudo.sty
Package: beamerthemetudo 2019/01/29

(/home/selin/.local/texlive/2023/texmf-dist/tex/generic/iftex/ifluatex.sty
Package: ifluatex 2019/10/25 v1.5 ifluatex legacy package. Use iftex instead.
)
(/home/selin/.local/texlive/2023/texmf-dist/tex/generic/iftex/ifxetex.sty
Package: ifxetex 2019/10/25 v0.7 ifxetex legacy package. Use iftex instead.
)
(/home/selin/.local/texlive/2023/texmf-dist/tex/latex/beamer/beamerfontthemepro
fessionalfonts.sty)
(/home/selin/.local/texlive/2023/texmf-dist/tex/latex/unicode-math/unicode-math
.sty
Package: unicode-math 2020/01/31 v0.8q Unicode maths in XeLaTeX and LuaLaTeX

(/home/selin/.local/texlive/2023/texmf-dist/tex/latex/unicode-math/unicode-math
-luatex.sty
Package: unicode-math-luatex 2020/01/31 v0.8q Unicode maths in XeLaTeX and LuaL
aTeX

(/home/selin/.local/texlive/2023/texmf-dist/tex/latex/base/fix-cm.sty
Package: fix-cm 2020/11/24 v1.1t fixes to LaTeX

(/home/selin/.local/texlive/2023/texmf-dist/tex/latex/base/ts1enc.def
File: ts1enc.def 2001/06/05 v3.0e (jk/car/fm) Standard LaTeX file
LaTeX Font Info:    Redeclaring font encoding TS1 on input line 47.
))
(/home/selin/.local/texlive/2023/texmf-dist/tex/lualatex/lualatex-math/lualatex
-math.sty
Package: lualatex-math 2022/01/01 v1.12 Patches for mathematics typesetting wit
h LuaLaTeX
Lua module: lualatex-math 2013/08/03 1.3 Patches for mathematics typesetting wit
h LuaLaTeX)
\g__um_fam_int=\count361
\g__um_fonts_used_int=\count362
\l__um_primecount_int=\count363
\g__um_primekern_muskip=\muskip18

(/home/selin/.local/texlive/2023/texmf-dist/tex/latex/unicode-math/unicode-math
-table.tex)))
luaotfload | cache : Lookup cache loaded from /home/selin/.local/texlive/2023/te
xmf-var/luatex-cache/generic/names/luaotfload-lookup-cache.luc.
luaotfload | db : Reload initiated (formats: otf,ttf,ttc); reason: Font "Akkurat
 Light Office" not found.
luaotfload | resolve : sequence of 3 lookups yielded nothing appropriate.

Package fontspec Info: FiraSansLight scale = 0.8489459574233577.


Package fontspec Info: Could not resolve font "FiraSansMedium/I" (it probably
(fontspec)             doesn't exist).


Package fontspec Info: Could not resolve font "FiraSansLight/BI" (it probably
(fontspec)             doesn't exist).


Package fontspec Info: Could not resolve font "FiraSansLight/I" (it probably
(fontspec)             doesn't exist).


Package fontspec Info: FiraSansLight scale = 0.8489459574233577.


Package fontspec Info: FiraSansLight scale = 0.8489459574233577.


Package fontspec Info: FiraSansMedium scale = 0.8393169624829337.


Package fontspec Info: FiraSansMedium scale = 0.8393169624829337.


Package fontspec Info: Font family 'FiraSansLight(0)' created for font
(fontspec)             'FiraSans Light' with options
(fontspec)             [Renderer=Harfbuzz,Ligatures=TeX,Scale=MatchLowercase,Bo
ldFont=FiraSans
(fontspec)             Medium].
(fontspec)              
(fontspec)              This font family consists of the following NFSS
(fontspec)             series/shapes:
(fontspec)              
(fontspec)             - 'normal' (m/n) with NFSS spec.:
(fontspec)             <->s*[0.8489459574233577]"FiraSansLight:mode=harf;script
=latn;language=dflt;+tlig;"
(fontspec)             - 'small caps'  (m/sc) with NFSS spec.:
(fontspec)             <->s*[0.8489459574233577]"FiraSansLight:mode=harf;script
=latn;language=dflt;+tlig;+smcp;"
(fontspec)             - 'bold' (b/n) with NFSS spec.:
(fontspec)             <->s*[0.8393169624829337]"FiraSansMedium:mode=harf;scrip
t=latn;language=dflt;+tlig;"
(fontspec)             - 'bold small caps'  (b/sc) with NFSS spec.:
(fontspec)             <->s*[0.8393169624829337]"FiraSansMedium:mode=harf;scrip
t=latn;language=dflt;+tlig;+smcp;"

LaTeX Font Info:    Font shape `TU/FiraSansLight(0)/m/n' will be
(Font)              scaled to size 7.64058pt on input line 48.

Package fontspec Info: FiraSansLight scale = 0.8489491991351113.


Package fontspec Info: Could not resolve font "FiraSansMedium/I" (it probably
(fontspec)             doesn't exist).


Package fontspec Info: Could not resolve font "FiraSansLight/BI" (it probably
(fontspec)             doesn't exist).


Package fontspec Info: Could not resolve font "FiraSansLight/I" (it probably
(fontspec)             doesn't exist).


Package fontspec Info: FiraSansLight scale = 0.8489491991351113.


Package fontspec Info: FiraSansLight scale = 0.8489491991351113.


Package fontspec Info: FiraSansMedium scale = 0.8393201674262383.


Package fontspec Info: FiraSansMedium scale = 0.8393201674262383.


Package fontspec Info: Font family 'FiraSansLight(1)' created for font
(fontspec)             'FiraSans Light' with options
(fontspec)             [Renderer=Harfbuzz,Renderer=Basic,Scale=MatchLowercase,B
oldFont=FiraSans
(fontspec)             Medium].
(fontspec)              
(fontspec)              This font family consists of the following NFSS
(fontspec)             series/shapes:
(fontspec)              
(fontspec)             - 'normal' (m/n) with NFSS spec.:
(fontspec)             <->s*[0.8489491991351113]"FiraSansLight:mode=base;script
=latn;language=dflt;"
(fontspec)             - 'small caps'  (m/sc) with NFSS spec.:
(fontspec)             <->s*[0.8489491991351113]"FiraSansLight:mode=base;script
=latn;language=dflt;+smcp;"
(fontspec)             - 'bold' (b/n) with NFSS spec.:
(fontspec)             <->s*[0.8393201674262383]"FiraSansMedium:mode=base;scrip
t=latn;language=dflt;"
(fontspec)             - 'bold small caps'  (b/sc) with NFSS spec.:
(fontspec)             <->s*[0.8393201674262383]"FiraSansMedium:mode=base;scrip
t=latn;language=dflt;+smcp;"

LaTeX Font Info:    Overwriting math alphabet `\mathsf' in version `normal'
(Font)                  OT1/cmss/m/n --> TU/FiraSansLight(1)/m/n on input line 
48.
LaTeX Font Info:    Overwriting math alphabet `\mathsf' in version `bold'
(Font)                  OT1/cmss/bx/n --> TU/FiraSansLight(1)/bx/n on input lin
e 48.

Package fontspec Info: FiraMono scale = 0.8425063859631063.


Package fontspec Info: FiraMono scale = 0.8425063859631063.


Package fontspec Info: FiraMono/B scale = 0.8361579575859362.


Package fontspec Info: FiraMono/I scale = 0.8425063859631063.


Package fontspec Info: FiraMono/BI scale = 0.8361579575859362.


Package fontspec Info: Font family 'FiraMono(0)' created for font 'Fira Mono'
(fontspec)             with options
(fontspec)             [Renderer=Harfbuzz,WordSpace={1,0,0},HyphenChar=None,Pun
ctuationSpace=WordSpace,Scale=MatchLowercase].
(fontspec)              
(fontspec)              This font family consists of the following NFSS
(fontspec)             series/shapes:
(fontspec)              
(fontspec)             - 'normal' (m/n) with NFSS spec.:
(fontspec)             <->s*[0.8425063859631063]"FiraMono:mode=harf;script=latn
;language=dflt;"
(fontspec)             - 'small caps'  (m/sc) with NFSS spec.: 
(fontspec)             and font adjustment code:
(fontspec)             \fontdimen 2\font =1\fontdimen 2\font \fontdimen 3\font
(fontspec)             =0\fontdimen 3\font \fontdimen 4\font =0\fontdimen
(fontspec)             4\font \fontdimen 7\font =0\fontdimen 2\font
(fontspec)             \tex_hyphenchar:D \font =-1\scan_stop: 
(fontspec)             - 'bold' (b/n) with NFSS spec.:
(fontspec)             <->s*[0.8361579575859362]"FiraMono/B:mode=harf;script=la
tn;language=dflt;"
(fontspec)             - 'bold small caps'  (b/sc) with NFSS spec.: 
(fontspec)             and font adjustment code:
(fontspec)             \fontdimen 2\font =1\fontdimen 2\font \fontdimen 3\font
(fontspec)             =0\fontdimen 3\font \fontdimen 4\font =0\fontdimen
(fontspec)             4\font \fontdimen 7\font =0\fontdimen 2\font
(fontspec)             \tex_hyphenchar:D \font =-1\scan_stop: 
(fontspec)             - 'italic' (m/it) with NFSS spec.:
(fontspec)             <->s*[0.8425063859631063]"FiraMono/I:mode=harf;script=la
tn;language=dflt;"
(fontspec)             - 'italic small caps'  (m/scit) with NFSS spec.: 
(fontspec)             and font adjustment code:
(fontspec)             \fontdimen 2\font =1\fontdimen 2\font \fontdimen 3\font
(fontspec)             =0\fontdimen 3\font \fontdimen 4\font =0\fontdimen
(fontspec)             4\font \fontdimen 7\font =0\fontdimen 2\font
(fontspec)             \tex_hyphenchar:D \font =-1\scan_stop: 
(fontspec)             - 'bold italic' (b/it) with NFSS spec.:
(fontspec)             <->s*[0.8361579575859362]"FiraMono/BI:mode=harf;script=l
atn;language=dflt;"
(fontspec)             - 'bold italic small caps'  (b/scit) with NFSS spec.: 
(fontspec)             and font adjustment code:
(fontspec)             \fontdimen 2\font =1\fontdimen 2\font \fontdimen 3\font
(fontspec)             =0\fontdimen 3\font \fontdimen 4\font =0\fontdimen
(fontspec)             4\font \fontdimen 7\font =0\fontdimen 2\font
(fontspec)             \tex_hyphenchar:D \font =-1\scan_stop: 


Package fontspec Info: FiraMono scale = 0.8425063859631063.


Package fontspec Info: FiraMono scale = 0.8425063859631063.

luaotfload | aux : font no 47 (nil) does not define feature smcp for script latn
 with language dflt

Package fontspec Info: FiraMono/B scale = 0.8361579575859362.

luaotfload | aux : font no 48 (nil) does not define feature smcp for script latn
 with language dflt

Package fontspec Info: FiraMono/I scale = 0.8425063859631063.

luaotfload | aux : font no 49 (nil) does not define feature smcp for script latn
 with language dflt

Package fontspec Info: FiraMono/BI scale = 0.8361579575859362.

luaotfload | aux : font no 50 (nil) does not define feature smcp for script latn
 with language dflt

Package fontspec Info: Font family 'FiraMono(1)' created for font 'Fira Mono'
(fontspec)             with options
(fontspec)             [Renderer=Harfbuzz,Renderer=Basic,Scale=MatchLowercase].

(fontspec)              
(fontspec)              This font family consists of the following NFSS
(fontspec)             series/shapes:
(fontspec)              
(fontspec)             - 'normal' (m/n) with NFSS spec.:
(fontspec)             <->s*[0.8425063859631063]"FiraMono:mode=base;script=latn
;language=dflt;"
(fontspec)             - 'small caps'  (m/sc) with NFSS spec.: 
(fontspec)             - 'bold' (b/n) with NFSS spec.:
(fontspec)             <->s*[0.8361579575859362]"FiraMono/B:mode=base;script=la
tn;language=dflt;"
(fontspec)             - 'bold small caps'  (b/sc) with NFSS spec.: 
(fontspec)             - 'italic' (m/it) with NFSS spec.:
(fontspec)             <->s*[0.8425063859631063]"FiraMono/I:mode=base;script=la
tn;language=dflt;"
(fontspec)             - 'italic small caps'  (m/scit) with NFSS spec.: 
(fontspec)             - 'bold italic' (b/it) with NFSS spec.:
(fontspec)             <->s*[0.8361579575859362]"FiraMono/BI:mode=base;script=l
atn;language=dflt;"
(fontspec)             - 'bold italic small caps'  (b/scit) with NFSS spec.: 

LaTeX Font Info:    Overwriting math alphabet `\mathtt' in version `normal'
(Font)                  OT1/cmtt/m/n --> TU/FiraMono(1)/m/n on input line 49.
LaTeX Font Info:    Overwriting math alphabet `\mathtt' in version `bold'
(Font)                  OT1/cmtt/m/n --> TU/FiraMono(1)/bx/n on input line 49.

Package fontspec Info: FiraMath scale = 0.8425063859631063.


Package fontspec Info: Could not resolve font "FiraMath/B" (it probably
(fontspec)             doesn't exist).


Package fontspec Info: FiraMath scale = 0.8425063859631063.


Package fontspec Info: Font family 'FiraMath(0)' created for font 'Fira Math'
(fontspec)             with options
(fontspec)             [Renderer=Harfbuzz,Renderer=Basic,BoldItalicFont={},Ital
icFont={},SmallCapsFont={},Script=Math,FontAdjustment={\__um_luatex_copy_fontdi
mens:
(fontspec)             },Scale={MatchLowercase}].
(fontspec)              
(fontspec)              This font family consists of the following NFSS
(fontspec)             series/shapes:
(fontspec)              
(fontspec)             - 'normal' (m/n) with NFSS spec.:
(fontspec)             <->s*[0.8425063859631063]"FiraMath:mode=base;script=math
;language=dflt;"
(fontspec)             - 'small caps'  (m/sc) with NFSS spec.: 
(fontspec)             and font adjustment code:
(fontspec)             \__um_luatex_copy_fontdimens: 

LaTeX Font Info:    Font shape `TU/FiraMath(0)/m/n' will be
(Font)              scaled to size 7.58249pt on input line 50.

Package fontspec Info: FiraMath scale = 0.8425063859631063.


Package fontspec Info: Could not resolve font "FiraMath/B" (it probably
(fontspec)             doesn't exist).


Package fontspec Info: FiraMath scale = 0.8425063859631063.


Package fontspec Info: FiraMath scale = 0.8425063859631063.


Package fontspec Info: FiraMath scale = 0.8425063859631063.


Package fontspec Info: Font family 'FiraMath(1)' created for font 'Fira Math'
(fontspec)             with options
(fontspec)             [Renderer=Harfbuzz,Renderer=Basic,BoldItalicFont={},Ital
icFont={},SmallCapsFont={},Script=Math,SizeFeatures={{Size=7.74-},{Size=5.85-7.
74,Font=Fira
(fontspec)             Math,Style=MathScript},{Size=-5.85,Font=Fira
(fontspec)             Math,Style=MathScriptScript}},FontAdjustment={\__um_luat
ex_copy_fontdimens:
(fontspec)             },Scale={MatchLowercase}].
(fontspec)              
(fontspec)              This font family consists of the following NFSS
(fontspec)             series/shapes:
(fontspec)              
(fontspec)             - 'normal' (m/n) with NFSS spec.:
(fontspec)             <7.74->s*[0.8425063859631063]"FiraMath:mode=base;script=
math;language=dflt;"<5.85-7.74>s*[0.8425063859631063]"FiraMath:mode=base;script
=math;language=dflt;+ssty=0;"<-5.85>s*[0.8425063859631063]"FiraMath:mode=base;s
cript=math;language=dflt;+ssty=1;"
(fontspec)             - 'small caps'  (m/sc) with NFSS spec.: 
(fontspec)             and font adjustment code:
(fontspec)             \__um_luatex_copy_fontdimens: 

LaTeX Font Info:    Font shape `TU/FiraMath(1)/m/n' will be
(Font)              scaled to size 7.58249pt on input line 50.
LaTeX Font Info:    Encoding `OT1' has changed to `TU' for symbol font
(Font)              `operators' in the math version `normal' on input line 50.
LaTeX Font Info:    Overwriting symbol font `operators' in version `normal'
(Font)                  OT1/cmr/m/n --> TU/FiraMath(1)/m/n on input line 50.
LaTeX Font Info:    Encoding `OT1' has changed to `TU' for symbol font
(Font)              `operators' in the math version `bold' on input line 50.
LaTeX Font Info:    Overwriting symbol font `operators' in version `bold'
(Font)                  OT1/cmr/bx/n --> TU/FiraMath(1)/b/n on input line 50.

Package fontspec Info: FiraMath scale = 0.8425063859631063.


Package fontspec Info: FiraMath scale = 0.8425906366017026.


Package fontspec Info: Could not resolve font "FiraMath/B" (it probably
(fontspec)             doesn't exist).


Package fontspec Info: FiraMath scale = 0.8425063859631063.


Package fontspec Info: FiraMath scale = 0.8425906366017026.


Package fontspec Info: FiraMath scale = 0.8425063859631063.


Package fontspec Info: FiraMath scale = 0.8425906366017026.


Package fontspec Info: FiraMath scale = 0.8425063859631063.


Package fontspec Info: FiraMath scale = 0.8425906366017026.


Package fontspec Info: Font family 'FiraMath(2)' created for font 'Fira Math'
(fontspec)             with options
(fontspec)             [Renderer=Harfbuzz,Renderer=Basic,BoldItalicFont={},Ital
icFont={},SmallCapsFont={},Script=Math,SizeFeatures={{Size=7.74-},{Size=5.85-7.
74,Font=Fira
(fontspec)             Math,Style=MathScript},{Size=-5.85,Font=Fira
(fontspec)             Math,Style=MathScriptScript}},FontAdjustment={\__um_luat
ex_copy_fontdimens:
(fontspec)             },Scale={MatchLowercase},ScaleAgain=1.0001,FontAdjustmen
t={\fontdimen
(fontspec)             8\font =4.39784pt\relax \fontdimen 9\font
(fontspec)             =3.41211pt\relax \fontdimen 10\font =3.41211pt\relax
(fontspec)             \fontdimen 11\font =5.30774pt\relax \fontdimen 12\font
(fontspec)             =3.63959pt\relax \fontdimen 13\font =3.03299pt\relax
(fontspec)             \fontdimen 14\font =3.03299pt\relax \fontdimen 15\font
(fontspec)             =2.04727pt\relax \fontdimen 16\font =2.65387pt\relax
(fontspec)             \fontdimen 17\font =2.65387pt\relax \fontdimen 18\font
(fontspec)             =2.72969pt\relax \fontdimen 19\font =1.89561pt\relax
(fontspec)             \fontdimen 22\font =2.1231pt\relax \fontdimen 20\font
(fontspec)             =0pt\relax \fontdimen 21\font =0pt\relax }].
(fontspec)              
(fontspec)              This font family consists of the following NFSS
(fontspec)             series/shapes:
(fontspec)              
(fontspec)             - 'normal' (m/n) with NFSS spec.:
(fontspec)             <7.74->s*[0.8425906366017026]"FiraMath:mode=base;script=
math;language=dflt;"<5.85-7.74>s*[0.8425906366017026]"FiraMath:mode=base;script
=math;language=dflt;+ssty=0;"<-5.85>s*[0.8425906366017026]"FiraMath:mode=base;s
cript=math;language=dflt;+ssty=1;"
(fontspec)             - 'small caps'  (m/sc) with NFSS spec.: 
(fontspec)             and font adjustment code:
(fontspec)             \__um_luatex_copy_fontdimens: \fontdimen 8\font
(fontspec)             =4.39784pt\relax \fontdimen 9\font =3.41211pt\relax
(fontspec)             \fontdimen 10\font =3.41211pt\relax \fontdimen 11\font
(fontspec)             =5.30774pt\relax \fontdimen 12\font =3.63959pt\relax
(fontspec)             \fontdimen 13\font =3.03299pt\relax \fontdimen 14\font
(fontspec)             =3.03299pt\relax \fontdimen 15\font =2.04727pt\relax
(fontspec)             \fontdimen 16\font =2.65387pt\relax \fontdimen 17\font
(fontspec)             =2.65387pt\relax \fontdimen 18\font =2.72969pt\relax
(fontspec)             \fontdimen 19\font =1.89561pt\relax \fontdimen 22\font
(fontspec)             =2.1231pt\relax \fontdimen 20\font =0pt\relax
(fontspec)             \fontdimen 21\font =0pt\relax 

LaTeX Font Info:    Encoding `OMS' has changed to `TU' for symbol font
(Font)              `symbols' in the math version `normal' on input line 50.
LaTeX Font Info:    Overwriting symbol font `symbols' in version `normal'
(Font)                  OMS/cmsy/m/n --> TU/FiraMath(2)/m/n on input line 50.
LaTeX Font Info:    Encoding `OMS' has changed to `TU' for symbol font
(Font)              `symbols' in the math version `bold' on input line 50.
LaTeX Font Info:    Overwriting symbol font `symbols' in version `bold'
(Font)                  OMS/cmsy/b/n --> TU/FiraMath(2)/b/n on input line 50.

Package fontspec Info: FiraMath scale = 0.8425063859631063.


Package fontspec Info: FiraMath scale = 0.84242213532451.


Package fontspec Info: Could not resolve font "FiraMath/B" (it probably
(fontspec)             doesn't exist).


Package fontspec Info: FiraMath scale = 0.8425063859631063.


Package fontspec Info: FiraMath scale = 0.84242213532451.


Package fontspec Info: FiraMath scale = 0.8425063859631063.


Package fontspec Info: FiraMath scale = 0.84242213532451.


Package fontspec Info: FiraMath scale = 0.8425063859631063.


Package fontspec Info: FiraMath scale = 0.84242213532451.


Package fontspec Info: Font family 'FiraMath(3)' created for font 'Fira Math'
(fontspec)             with options
(fontspec)             [Renderer=Harfbuzz,Renderer=Basic,BoldItalicFont={},Ital
icFont={},SmallCapsFont={},Script=Math,SizeFeatures={{Size=7.74-},{Size=5.85-7.
74,Font=Fira
(fontspec)             Math,Style=MathScript},{Size=-5.85,Font=Fira
(fontspec)             Math,Style=MathScriptScript}},FontAdjustment={\__um_luat
ex_copy_fontdimens:
(fontspec)             },Scale={MatchLowercase},ScaleAgain=0.9999,FontAdjustmen
t={\fontdimen
(fontspec)             8\font =0.57626pt\relax \fontdimen 9\font
(fontspec)             =1.13736pt\relax \fontdimen 10\font =1.13736pt\relax
(fontspec)             \fontdimen 11\font =1.13736pt\relax \fontdimen 12\font
(fontspec)             =4.54948pt\relax \fontdimen 13\font =0pt\relax }].
(fontspec)              
(fontspec)              This font family consists of the following NFSS
(fontspec)             series/shapes:
(fontspec)              
(fontspec)             - 'normal' (m/n) with NFSS spec.:
(fontspec)             <7.74->s*[0.84242213532451]"FiraMath:mode=base;script=ma
th;language=dflt;"<5.85-7.74>s*[0.84242213532451]"FiraMath:mode=base;script=mat
h;language=dflt;+ssty=0;"<-5.85>s*[0.84242213532451]"FiraMath:mode=base;script=
math;language=dflt;+ssty=1;"
(fontspec)             - 'small caps'  (m/sc) with NFSS spec.: 
(fontspec)             and font adjustment code:
(fontspec)             \__um_luatex_copy_fontdimens: \fontdimen 8\font
(fontspec)             =0.57626pt\relax \fontdimen 9\font =1.13736pt\relax
(fontspec)             \fontdimen 10\font =1.13736pt\relax \fontdimen 11\font
(fontspec)             =1.13736pt\relax \fontdimen 12\font =4.54948pt\relax
(fontspec)             \fontdimen 13\font =0pt\relax 

LaTeX Font Info:    Encoding `OMX' has changed to `TU' for symbol font
(Font)              `largesymbols' in the math version `normal' on input line 5
0.
LaTeX Font Info:    Overwriting symbol font `largesymbols' in version `normal'
(Font)                  OMX/cmex/m/n --> TU/FiraMath(3)/m/n on input line 50.
LaTeX Font Info:    Encoding `OMX' has changed to `TU' for symbol font
(Font)              `largesymbols' in the math version `bold' on input line 50.

LaTeX Font Info:    Overwriting symbol font `largesymbols' in version `bold'
(Font)                  OMX/cmex/m/n --> TU/FiraMath(3)/b/n on input line 50.
LaTeX Font Info:    Font shape `TU/FiraMath(1)/m/n' will be
(Font)              scaled to size 5.45938pt on input line 50.
LaTeX Font Info:    Font shape `TU/FiraMath(1)/m/n' will be
(Font)              scaled to size 4.39784pt on input line 50.
LaTeX Font Info:    Font shape `TU/FiraMath(2)/m/n' will be
(Font)              scaled to size 7.58331pt on input line 50.
LaTeX Font Info:    Font shape `TU/FiraMath(2)/m/n' will be
(Font)              scaled to size 5.45998pt on input line 50.
LaTeX Font Info:    Font shape `TU/FiraMath(2)/m/n' will be
(Font)              scaled to size 4.39832pt on input line 50.
LaTeX Font Info:    Font shape `TU/FiraMath(3)/m/n' will be
(Font)              scaled to size 7.5818pt on input line 50.
LaTeX Font Info:    Font shape `TU/FiraMath(3)/m/n' will be
(Font)              scaled to size 5.4589pt on input line 50.
LaTeX Font Info:    Font shape `TU/FiraMath(3)/m/n' will be
(Font)              scaled to size 4.39745pt on input line 50.
LaTeX Font Info:    Trying to load font information for U+msa on input line 50.


(/home/selin/.local/texlive/2023/texmf-dist/tex/latex/amsfonts/umsa.fd
File: umsa.fd 2013/01/14 v3.01 AMS symbols A
)
LaTeX Font Info:    Trying to load font information for U+msb on input line 50.


(/home/selin/.local/texlive/2023/texmf-dist/tex/latex/amsfonts/umsb.fd
File: umsb.fd 2013/01/14 v3.01 AMS symbols B
)
\headerheight=\skip69
\footerleftwidth=\skip70
\footercenterwidth=\skip71
\footerrightwidth=\skip72
Package hyperref Info: Option `colorlinks' set `true' on input line 245.
)
Package csquotes Info: Checking for multilingual support...
Package csquotes Info: ... found 'polyglossia' package.
Package csquotes Info: Adjusting default style.
Package csquotes Info: Redefining alias 'default' -> 'ngerman'.

(./build/example.aux
LaTeX Info: Redefining \rmfamily on input line 19.
LaTeX Info: Redefining \sffamily on input line 19.
LaTeX Info: Redefining \ttfamily on input line 19.
Module polyglossia Info: Language data for ngerman
(polyglossia)            loader	loadhyph-de-1996.tex
(polyglossia)            synonyms	
(polyglossia)            righthyphenmin	2
(polyglossia)            hyphenation	
(polyglossia)            lefthyphenmin	2
(polyglossia)            patterns	hyph-de-1996.pat.txt on input line 19
Module polyglossia Info: Language ngerman was not yet loaded; created with id 3 
on input line 19
)
\openout1 = example.aux

LaTeX Font Info:    Checking defaults for OML/cmm/m/it on input line 45.
LaTeX Font Info:    ... okay on input line 45.
LaTeX Font Info:    Checking defaults for OMS/cmsy/m/n on input line 45.
LaTeX Font Info:    ... okay on input line 45.
LaTeX Font Info:    Checking defaults for OT1/cmr/m/n on input line 45.
LaTeX Font Info:    ... okay on input line 45.
LaTeX Font Info:    Checking defaults for T1/cmr/m/n on input line 45.
LaTeX Font Info:    ... okay on input line 45.
LaTeX Font Info:    Checking defaults for TS1/cmr/m/n on input line 45.
LaTeX Font Info:    ... okay on input line 45.
LaTeX Font Info:    Checking defaults for TU/lmr/m/n on input line 45.
LaTeX Font Info:    ... okay on input line 45.
LaTeX Font Info:    Checking defaults for OMX/cmex/m/n on input line 45.
LaTeX Font Info:    ... okay on input line 45.
LaTeX Font Info:    Checking defaults for U/cmr/m/n on input line 45.
LaTeX Font Info:    ... okay on input line 45.
LaTeX Font Info:    Checking defaults for PD1/pdf/m/n on input line 45.
LaTeX Font Info:    ... okay on input line 45.
LaTeX Font Info:    Checking defaults for PU/pdf/m/n on input line 45.
LaTeX Font Info:    ... okay on input line 45.

*geometry* driver: auto-detecting
*geometry* detected driver: luatex
*geometry* verbose mode - [ preamble ] result:
* driver: luatex
* paper: custom
* layout: <same size as paper>
* layoutoffset:(h,v)=(0.0pt,0.0pt)
* modes: includehead includefoot 
* h-part:(L,W,R)=(15.0pt, 425.24408pt, 15.0pt)
* v-part:(T,H,B)=(0.0pt, 284.52756pt, 0.0pt)
* \paperwidth=455.24408pt
* \paperheight=284.52756pt
* \textwidth=425.24408pt
* \textheight=256.07483pt
* \oddsidemargin=-57.26999pt
* \evensidemargin=-57.26999pt
* \topmargin=-72.26999pt
* \headheight=14.22636pt
* \headsep=0.0pt
* \topskip=9.0pt
* \footskip=14.22636pt
* \marginparwidth=4.0pt
* \marginparsep=10.0pt
* \columnsep=10.0pt
* \skip\footins=8.0pt plus 4.0pt minus 2.0pt
* \hoffset=0.0pt
* \voffset=0.0pt
* \mag=1000
* \@twocolumnfalse
* \@twosidefalse
* \@mparswitchfalse
* \@reversemarginfalse
* (1in=72.27pt=25.4mm, 1cm=28.453pt)


(/home/selin/.local/texlive/2023/texmf-dist/tex/context/base/mkii/supp-pdf.mkii
[Loading MPS to PDF converter (version 2006.09.02).]
\scratchcounter=\count364
\scratchdimen=\dimen308
\scratchbox=\box79
\nofMPsegments=\count365
\nofMParguments=\count366
\everyMPshowfont=\toks50
\MPscratchCnt=\count367
\MPscratchDim=\dimen309
\MPnumerator=\count368
\makeMPintoPDFobject=\count369
\everyMPtoPDFconversion=\toks51
)
(/home/selin/.local/texlive/2023/texmf-dist/tex/latex/epstopdf-pkg/epstopdf-bas
e.sty
Package: epstopdf-base 2020-01-24 v2.11 Base part for package epstopdf
Package epstopdf-base Info: Redefining graphics rule for `.eps' on input line 4
85.

(/home/selin/.local/texlive/2023/texmf-dist/tex/latex/latexconfig/epstopdf-sys.
cfg
File: epstopdf-sys.cfg 2010/07/13 v1.3 Configuration of (r)epstopdf for TeX Liv
e
))
Package hyperref Info: Link coloring ON on input line 45.

(/home/selin/.local/texlive/2023/texmf-dist/tex/latex/translator/translator-bas
ic-dictionary-English.dict
Dictionary: translator-basic-dictionary, Language: English 
)
(/home/selin/.local/texlive/2023/texmf-dist/tex/latex/translator/translator-bib
liography-dictionary-English.dict
Dictionary: translator-bibliography-dictionary, Language: English 
)
(/home/selin/.local/texlive/2023/texmf-dist/tex/latex/translator/translator-env
ironment-dictionary-English.dict
Dictionary: translator-environment-dictionary, Language: English 
)
(/home/selin/.local/texlive/2023/texmf-dist/tex/latex/translator/translator-mon
ths-dictionary-English.dict
Dictionary: translator-months-dictionary, Language: English 
)
(/home/selin/.local/texlive/2023/texmf-dist/tex/latex/translator/translator-num
bers-dictionary-English.dict
Dictionary: translator-numbers-dictionary, Language: English 
)
(/home/selin/.local/texlive/2023/texmf-dist/tex/latex/translator/translator-the
orem-dictionary-English.dict
Dictionary: translator-theorem-dictionary, Language: English 
)
The property list \__xpg_alias contains the pairs (without outer braces):
>  {latex/target}  =>  {latex}
>  {german/target}  =>  {german}
>  {de/target}  =>  {german}
>  {de-CH/target}  =>  {german}
>  {de-CH/variant}  =>  {swiss}
>  {de-CH/options}  =>  {variant=swiss,spelling=new}
>  {de-AT/target}  =>  {german}
>  {de-AT/variant}  =>  {austrian}
>  {de-AT/options}  =>  {variant=austrian,spelling=new}
>  {de-DE/target}  =>  {german}
>  {de-DE/variant}  =>  {german}
>  {de-DE/options}  =>  {variant=german,spelling=new}
>  {de-Latf-CH/target}  =>  {german}
>  {de-Latf-CH/variant}  =>  {swiss}
>  {de-Latf-CH/options}  =>  {variant=swiss,spelling=new,script=blackletter}
>  {de-Latf-DE/target}  =>  {german}
>  {de-Latf-DE/variant}  =>  {german}
>  {de-Latf-DE/options}  =>  {variant=german,spelling=new,script=blackletter}
>  {de-Latf-AT/target}  =>  {german}
>  {de-Latf-AT/variant}  =>  {austrian}
>  {de-Latf-AT/options}  => 
{variant=austrian,spelling=new,script=blackletter}
>  {de-AT-1901/target}  =>  {german}
>  {de-AT-1901/variant}  =>  {austrian}
>  {de-AT-1901/options}  =>  {variant=austrian,spelling=old}
>  {de-CH-1996/target}  =>  {german}
>  {de-CH-1996/variant}  =>  {swiss}
>  {de-CH-1996/options}  =>  {variant=swiss,spelling=new}
>  {de-AT-1996/target}  =>  {german}
>  {de-AT-1996/variant}  =>  {austrian}
>  {de-AT-1996/options}  =>  {variant=austrian,spelling=new}
>  {de-DE-1901/target}  =>  {german}
>  {de-DE-1901/variant}  =>  {german}
>  {de-DE-1901/options}  =>  {variant=german,spelling=old}
>  {de-Latf-CH-1901/target}  =>  {german}
>  {de-Latf-CH-1901/variant}  =>  {swiss}
>  {de-Latf-CH-1901/options}  => 
{variant=swiss,spelling=old,script=blackletter}
>  {de-CH-1901/target}  =>  {german}
>  {de-CH-1901/variant}  =>  {swiss}
>  {de-CH-1901/options}  =>  {variant=swiss,spelling=old}
>  {de-Latf-AT-1901/target}  =>  {german}
>  {de-Latf-AT-1901/variant}  =>  {austrian}
>  {de-Latf-AT-1901/options}  => 
{variant=austrian,spelling=old,script=blackletter}
>  {de-Latf-CH-1996/target}  =>  {german}
>  {de-Latf-CH-1996/variant}  =>  {swiss}
>  {de-Latf-CH-1996/options}  => 
{variant=swiss,spelling=new,script=blackletter}
>  {de-Latf/target}  =>  {german}
>  {de-Latf/options}  =>  {script=blackletter}
>  {de-DE-1996/target}  =>  {german}
>  {de-DE-1996/variant}  =>  {german}
>  {de-DE-1996/options}  =>  {variant=german,spelling=new}
>  {de-Latf-DE-1901/target}  =>  {german}
>  {de-Latf-DE-1901/variant}  =>  {german}
>  {de-Latf-DE-1901/options}  => 
{variant=german,spelling=old,script=blackletter}
>  {de-Latf-DE-1996/target}  =>  {german}
>  {de-Latf-DE-1996/variant}  =>  {german}
>  {de-Latf-DE-1996/options}  => 
{variant=german,spelling=new,script=blackletter}
>  {de-Latf-AT-1996/target}  =>  {german}
>  {de-Latf-AT-1996/variant}  =>  {austrian}
>  {de-Latf-AT-1996/options}  => 
{variant=austrian,spelling=new,script=blackletter}
>  {austrian/target}  =>  {german}
>  {austrian/variant}  =>  {austrian}
>  {austrian/options}  =>  {variant=austrian,spelling=old}
>  {naustrian/target}  =>  {german}
>  {naustrian/variant}  =>  {austrian}
>  {naustrian/options}  =>  {variant=austrian,spelling=new}
>  {germanb/target}  =>  {german}
>  {germanb/variant}  =>  {german}
>  {germanb/options}  =>  {variant=german,spelling=old}
>  {ngerman/target}  =>  {german}
>  {ngerman/variant}  =>  {german}
>  {ngerman/options}  =>  {variant=german,spelling=new}
>  {swissgerman/target}  =>  {german}
>  {swissgerman/variant}  =>  {swiss}
>  {swissgerman/options}  =>  {variant=swiss,spelling=old}
>  {nswissgerman/target}  =>  {german}
>  {nswissgerman/variant}  =>  {swiss}
>  {nswissgerman/options}  =>  {variant=swiss,spelling=new}.
LaTeX Font Info:    Overwriting math alphabet `\mathrm' in version `normal'
(Font)                  TU/FiraMath(1)/m/n --> TU/lmr/m/n on input line 45.
LaTeX Font Info:    Overwriting math alphabet `\mathit' in version `normal'
(Font)                  OT1/cmr/m/it --> TU/lmr/m/it on input line 45.
LaTeX Font Info:    Overwriting math alphabet `\mathbf' in version `normal'
(Font)                  OT1/cmr/bx/n --> TU/lmr/bx/n on input line 45.


Package unicode-math Warning: Using \overbracket and \underbracket from
(unicode-math)                `mathtools' package.
(unicode-math)                 
(unicode-math)                 Use \Uoverbracket and \Uunderbracket for
(unicode-math)                original `unicode-math' definition.


Package unicode-math Warning: I'm going to overwrite the following commands
(unicode-math)                from the `mathtools' package: 
(unicode-math)                 
(unicode-math)                     \dblcolon, \coloneqq, \Coloneqq, \eqqcolon.
(unicode-math)                
(unicode-math)                 
(unicode-math)                 Note that since I won't overwrite the other
(unicode-math)                colon-like commands, using them will lead to
(unicode-math)                inconsistencies.

LaTeX Info: Redefining \rmfamily on input line 45.
LaTeX Info: Redefining \sffamily on input line 45.
LaTeX Info: Redefining \ttfamily on input line 45.
Module polyglossia Info: Language ngerman already loaded; id is 3 on input line 
45
(./build/example.nav)
LaTeX Font Info:    Font shape `TU/FiraSansLight(0)/m/n' will be
(Font)              scaled to size 4.24477pt on input line 45.
LaTeX Font Info:    Font shape `TU/FiraSansLight(0)/b/n' will be
(Font)              scaled to size 4.19655pt on input line 45.

warning  (file logos/tu.pdf) (pdf inclusion): PDF inclusion: found PDF version '
1.7', but at most version '1.5' allowed
<logos/tu.pdf, id=13, 340.27126pt x 55.20625pt>
File: logos/tu.pdf Graphic file (type pdf)
<use logos/tu.pdf>
Package luatex.def Info: logos/tu.pdf  used on input line 45.
(luatex.def)             Requested size: 140.30132pt x 22.76271pt.
LaTeX Font Info:    Font shape `TU/FiraSansLight(0)/m/n' will be
(Font)              scaled to size 8.48953pt on input line 45.
LaTeX Font Info:    Font shape `TU/FiraSansLight(0)/m/n' will be
(Font)              scaled to size 12.22491pt on input line 47.
LaTeX Font Info:    Font shape `TU/FiraSansLight(0)/b/n' will be
(Font)              scaled to size 12.08604pt on input line 47.
LaTeX Font Info:    Font shape `TU/FiraSansLight(0)/m/n' will be
(Font)              scaled to size 9.29602pt on input line 47.
LaTeX Font Info:    Font shape `TU/FiraSansLight(0)/b/n' will be
(Font)              scaled to size 8.3931pt on input line 47.
LaTeX Font Info:    Font shape `TU/FiraSansLight(0)/m/n' will be
(Font)              scaled to size 3.39581pt on input line 47.
File: logos/tu.pdf Graphic file (type pdf)
<use logos/tu.pdf>
Package luatex.def Info: logos/tu.pdf  used on input line 47.
(luatex.def)             Requested size: 140.30132pt x 22.76271pt.
[1{/home/selin/.local/texlive/2023/texmf-var/fonts/map/pdftex/updmap/pdftex.map}

<./logos/tu.pdf>] (./build/example.toc
LaTeX Info: Redefining \rmfamily on input line 1.
LaTeX Info: Redefining \sffamily on input line 1.
LaTeX Info: Redefining \ttfamily on input line 1.
LaTeX Font Info:    Font shape `TU/FiraSansLight(0)/b/n' will be
(Font)              scaled to size 7.55379pt on input line 2.
)
File: logos/tu.pdf Graphic file (type pdf)
<use logos/tu.pdf>
Package luatex.def Info: logos/tu.pdf  used on input line 52.
(luatex.def)             Requested size: 140.30132pt x 22.76271pt.
 [2

]
LaTeX Font Info:    Font shape `TU/FiraSansLight(0)/b/n' will be
(Font)              scaled to size 6.71448pt on input line 86.
<images/mesostates.png, id=41, 93.7101pt x 49.6254pt>
File: images/mesostates.png Graphic file (type png)
<use images/mesostates.png>
Package luatex.def Info: images/mesostates.png  used on input line 86.
(luatex.def)             Requested size: 93.70987pt x 49.62526pt.
File: logos/tu.pdf Graphic file (type pdf)
<use logos/tu.pdf>
Package luatex.def Info: logos/tu.pdf  used on input line 86.
(luatex.def)             Requested size: 140.30132pt x 22.76271pt.
LaTeX Font Info:    Font shape `TU/FiraSansLight(0)/m/n' will be
(Font)              scaled to size 6.79163pt on input line 86.
 [3

<./images/mesostates.png>]
File: logos/tu.pdf Graphic file (type pdf)
<use logos/tu.pdf>
Package luatex.def Info: logos/tu.pdf  used on input line 106.
(luatex.def)             Requested size: 140.30132pt x 22.76271pt.

[4

]
LaTeX Font Info:    Font shape `TU/FiraSansLight(0)/m/n' will be
(Font)              scaled to size 5.5012pt on input line 126.
LaTeX Font Info:    Font shape `TU/FiraSansLight(0)/m/n' will be
(Font)              scaled to size 4.43153pt on input line 126.
File: logos/tu.pdf Graphic file (type pdf)
<use logos/tu.pdf>
Package luatex.def Info: logos/tu.pdf  used on input line 126.
(luatex.def)             Requested size: 140.30132pt x 22.76271pt.
 [5

]
File: logos/tu.pdf Graphic file (type pdf)
<use logos/tu.pdf>
Package luatex.def Info: logos/tu.pdf  used on input line 151.
(luatex.def)             Requested size: 140.30132pt x 22.76271pt.
 [6

]
<images/circle.png, id=74, 453.695pt x 242.9075pt>
File: images/circle.png Graphic file (type png)
<use images/circle.png>
Package luatex.def Info: images/circle.png  used on input line 166.
(luatex.def)             Requested size: 170.09503pt x 91.06784pt.
File: logos/tu.pdf Graphic file (type pdf)
<use logos/tu.pdf>
Package luatex.def Info: logos/tu.pdf  used on input line 166.
(luatex.def)             Requested size: 140.30132pt x 22.76271pt.
 [7

<./images/circle.png>]
File: logos/tu.pdf Graphic file (type pdf)
<use logos/tu.pdf>
Package luatex.def Info: logos/tu.pdf  used on input line 190.
(luatex.def)             Requested size: 140.30132pt x 22.76271pt.
 [8

]
File: logos/tu.pdf Graphic file (type pdf)
<use logos/tu.pdf>
Package luatex.def Info: logos/tu.pdf  used on input line 212.
(luatex.def)             Requested size: 140.30132pt x 22.76271pt.
 [9

]
<images/motor.png, id=97, 963.6pt x 639.38875pt>
File: images/motor.png Graphic file (type png)
<use images/motor.png>
Package luatex.def Info: images/motor.png  used on input line 236.
(luatex.def)             Requested size: 255.14903pt x 169.30061pt.
File: logos/tu.pdf Graphic file (type pdf)
<use logos/tu.pdf>
Package luatex.def Info: logos/tu.pdf  used on input line 236.
(luatex.def)             Requested size: 140.30132pt x 22.76271pt.
 [10

<./images/motor.png>]
<images/random.png, id=106, 815.045pt x 222.8325pt>
File: images/random.png Graphic file (type png)
<use images/random.png>
Package luatex.def Info: images/random.png  used on input line 266.
(luatex.def)             Requested size: 208.37193pt x 56.96944pt.
File: logos/tu.pdf Graphic file (type pdf)
<use logos/tu.pdf>
Package luatex.def Info: logos/tu.pdf  used on input line 266.
(luatex.def)             Requested size: 140.30132pt x 22.76271pt.
 [11

<./images/random.png>]
File: logos/tu.pdf Graphic file (type pdf)
<use logos/tu.pdf>
Package luatex.def Info: logos/tu.pdf  used on input line 295.
(luatex.def)             Requested size: 140.30132pt x 22.76271pt.
 [12

]
Overfull \vbox (6.55145pt too high) detected at line 330
 []

File: logos/tu.pdf Graphic file (type pdf)
<use logos/tu.pdf>
Package luatex.def Info: logos/tu.pdf  used on input line 330.
(luatex.def)             Requested size: 140.30132pt x 22.76271pt.
[13

]
File: logos/tu.pdf Graphic file (type pdf)
<use logos/tu.pdf>
Package luatex.def Info: logos/tu.pdf  used on input line 350.
(luatex.def)             Requested size: 140.30132pt x 22.76271pt.
 [14

]
File: logos/tu.pdf Graphic file (type pdf)
<use logos/tu.pdf>
Package luatex.def Info: logos/tu.pdf  used on input line 365.
(luatex.def)             Requested size: 140.30132pt x 22.76271pt.
 [15

]
<images/kinesin_pos.png, id=144, 429.605pt x 389.455pt>
File: images/kinesin_pos.png Graphic file (type png)
<use images/kinesin_pos.png>
Package luatex.def Info: images/kinesin_pos.png  used on input line 389.
(luatex.def)             Requested size: 170.09503pt x 154.1985pt.
File: logos/tu.pdf Graphic file (type pdf)
<use logos/tu.pdf>
Package luatex.def Info: logos/tu.pdf  used on input line 389.
(luatex.def)             Requested size: 140.30132pt x 22.76271pt.
 [16

<./images/kinesin_pos.png>]
<images/kinesin_r.png, id=154, 1277.77374pt x 466.74374pt>
File: images/kinesin_r.png Graphic file (type png)
<use images/kinesin_r.png>
Package luatex.def Info: images/kinesin_r.png  used on input line 404.
(luatex.def)             Requested size: 250.89244pt x 91.64494pt.
<images/kinesin_v.png, id=155, 421.575pt x 329.23pt>
File: images/kinesin_v.png Graphic file (type png)
<use images/kinesin_v.png>
Package luatex.def Info: images/kinesin_v.png  used on input line 404.
(luatex.def)             Requested size: 170.09503pt x 132.83505pt.
File: logos/tu.pdf Graphic file (type pdf)
<use logos/tu.pdf>
Package luatex.def Info: logos/tu.pdf  used on input line 404.
(luatex.def)             Requested size: 140.30132pt x 22.76271pt.
 [17

<./images/kinesin_r.png><./images/kinesin_v.png>]
File: logos/tu.pdf Graphic file (type pdf)
<use logos/tu.pdf>
Package luatex.def Info: logos/tu.pdf  used on input line 417.
(luatex.def)             Requested size: 140.30132pt x 22.76271pt.
 [18

]
\tf@nav=\write5

\openout5 = example.nav
\tf@toc=\write6

\openout6 = example.toc
\tf@snm=\write7

\openout7 = example.snm
The property list \polyglossia@langsetup contains the pairs (without outer
braces):
>  {latex/script}  =>  {latin}
>  {latex/lcscript}  =>  {latin}
>  {latex/scripttag}  =>  {}
>  {latex/language}  =>  {Latex}
>  {latex/langtag}  =>  {ENG}
>  {latex/bcp47}  =>  {}
>  {latex/hyphennames}  =>  {english}
>  {latex/direction}  =>  {LR}
>  {latex/hyphenmins}  =>  {2,3}
>  {latex/frenchspacing}  =>  {false}
>  {latex/indentfirst}  =>  {false}
>  {latex/fontsetup}  =>  {true}
>  {latex/envname}  =>  {latex}
>  {latex/babelname}  =>  {latex}
>  {latex/localnumeral}  =>  {polyglossia@C@localnumeral}
>  {latex/Localnumeral}  =>  {polyglossia@C@localnumeral}
>  {latex/DefineCommandsCmd}  =>  {use_none:n}
>  {german/script}  =>  {latin}
>  {german/lcscript}  =>  {latin}
>  {german/scripttag}  =>  {}
>  {german/language}  =>  {German}
>  {german/langtag}  =>  {DEU}
>  {german/bcp47}  =>  {de-DE}
>  {german/hyphennames}  =>  {}
>  {german/direction}  =>  {LR}
>  {german/hyphenmins}  =>  {2,2}
>  {german/frenchspacing}  =>  {true}
>  {german/indentfirst}  =>  {false}
>  {german/fontsetup}  =>  {true}
>  {german/envname}  =>  {german}
>  {german/babelname}  =>  {ngerman}
>  {german/localnumeral}  =>  {polyglossia@C@localnumeral}
>  {german/Localnumeral}  =>  {polyglossia@C@localnumeral}
>  {german/DefineCommandsCmd}  =>  {xpg_define_language_commands:e}.
The property list \__xpg_alias contains the pairs (without outer braces):
>  {latex/target}  =>  {latex}
>  {german/target}  =>  {german}
>  {de/target}  =>  {german}
>  {de-CH/target}  =>  {german}
>  {de-CH/variant}  =>  {swiss}
>  {de-CH/options}  =>  {variant=swiss,spelling=new}
>  {de-AT/target}  =>  {german}
>  {de-AT/variant}  =>  {austrian}
>  {de-AT/options}  =>  {variant=austrian,spelling=new}
>  {de-DE/target}  =>  {german}
>  {de-DE/variant}  =>  {german}
>  {de-DE/options}  =>  {variant=german,spelling=new}
>  {de-Latf-CH/target}  =>  {german}
>  {de-Latf-CH/variant}  =>  {swiss}
>  {de-Latf-CH/options}  =>  {variant=swiss,spelling=new,script=blackletter}
>  {de-Latf-DE/target}  =>  {german}
>  {de-Latf-DE/variant}  =>  {german}
>  {de-Latf-DE/options}  =>  {variant=german,spelling=new,script=blackletter}
>  {de-Latf-AT/target}  =>  {german}
>  {de-Latf-AT/variant}  =>  {austrian}
>  {de-Latf-AT/options}  => 
{variant=austrian,spelling=new,script=blackletter}
>  {de-AT-1901/target}  =>  {german}
>  {de-AT-1901/variant}  =>  {austrian}
>  {de-AT-1901/options}  =>  {variant=austrian,spelling=old}
>  {de-CH-1996/target}  =>  {german}
>  {de-CH-1996/variant}  =>  {swiss}
>  {de-CH-1996/options}  =>  {variant=swiss,spelling=new}
>  {de-AT-1996/target}  =>  {german}
>  {de-AT-1996/variant}  =>  {austrian}
>  {de-AT-1996/options}  =>  {variant=austrian,spelling=new}
>  {de-DE-1901/target}  =>  {german}
>  {de-DE-1901/variant}  =>  {german}
>  {de-DE-1901/options}  =>  {variant=german,spelling=old}
>  {de-Latf-CH-1901/target}  =>  {german}
>  {de-Latf-CH-1901/variant}  =>  {swiss}
>  {de-Latf-CH-1901/options}  => 
{variant=swiss,spelling=old,script=blackletter}
>  {de-CH-1901/target}  =>  {german}
>  {de-CH-1901/variant}  =>  {swiss}
>  {de-CH-1901/options}  =>  {variant=swiss,spelling=old}
>  {de-Latf-AT-1901/target}  =>  {german}
>  {de-Latf-AT-1901/variant}  =>  {austrian}
>  {de-Latf-AT-1901/options}  => 
{variant=austrian,spelling=old,script=blackletter}
>  {de-Latf-CH-1996/target}  =>  {german}
>  {de-Latf-CH-1996/variant}  =>  {swiss}
>  {de-Latf-CH-1996/options}  => 
{variant=swiss,spelling=new,script=blackletter}
>  {de-Latf/target}  =>  {german}
>  {de-Latf/options}  =>  {script=blackletter}
>  {de-DE-1996/target}  =>  {german}
>  {de-DE-1996/variant}  =>  {german}
>  {de-DE-1996/options}  =>  {variant=german,spelling=new}
>  {de-Latf-DE-1901/target}  =>  {german}
>  {de-Latf-DE-1901/variant}  =>  {german}
>  {de-Latf-DE-1901/options}  => 
{variant=german,spelling=old,script=blackletter}
>  {de-Latf-DE-1996/target}  =>  {german}
>  {de-Latf-DE-1996/variant}  =>  {german}
>  {de-Latf-DE-1996/options}  => 
{variant=german,spelling=new,script=blackletter}
>  {de-Latf-AT-1996/target}  =>  {german}
>  {de-Latf-AT-1996/variant}  =>  {austrian}
>  {de-Latf-AT-1996/options}  => 
{variant=austrian,spelling=new,script=blackletter}
>  {austrian/target}  =>  {german}
>  {austrian/variant}  =>  {austrian}
>  {austrian/options}  =>  {variant=austrian,spelling=old}
>  {naustrian/target}  =>  {german}
>  {naustrian/variant}  =>  {austrian}
>  {naustrian/options}  =>  {variant=austrian,spelling=new}
>  {germanb/target}  =>  {german}
>  {germanb/variant}  =>  {german}
>  {germanb/options}  =>  {variant=german,spelling=old}
>  {ngerman/target}  =>  {german}
>  {ngerman/variant}  =>  {german}
>  {ngerman/options}  =>  {variant=german,spelling=new}
>  {swissgerman/target}  =>  {german}
>  {swissgerman/variant}  =>  {swiss}
>  {swissgerman/options}  =>  {variant=swiss,spelling=old}
>  {nswissgerman/target}  =>  {german}
>  {nswissgerman/variant}  =>  {swiss}
>  {nswissgerman/options}  =>  {variant=swiss,spelling=new}.
 (./build/example.aux
LaTeX Info: Redefining \rmfamily on input line 19.
LaTeX Info: Redefining \sffamily on input line 19.
LaTeX Info: Redefining \ttfamily on input line 19.
))

Here is how much of LuaTeX's memory you used:
 32830 strings out of 478278
 100000,1977958 words of node,token memory allocated
 6913 words of node memory still in use:
   56 hlist, 9 vlist, 9 rule, 65 disc, 11 local_par, 131 glue, 76 kern, 30 penal
ty, 421 glyph, 143 attribute, 69 glue_spec, 143 attribute_list, 4 write, 32 pdf_
colorstack, 1 pdf_setmatrix, 1 pdf_save, 1 pdf_restore nodes
   avail lists: 2:430,3:171,4:220,5:456,6:45,7:2769,8:73,9:581,10:23,11:193,12:1

 51429 multiletter control sequences out of 65536+600000
 85 fonts using 30335383 bytes
 128i,18n,144p,626b,654s stack positions out of 10000i,1000n,20000p,200000b,200000s
</home/selin/.local/texlive/2023/texmf-dist/fonts/opentype/public/firamath/FiraM
ath-Regular.otf></home/selin/.local/texlive/2023/texmf-dist/fonts/opentype/publi
c/firamath/FiraMath-Regular.otf></home/selin/.local/texlive/2023/texmf-dist/font
s/opentype/public/firamath/FiraMath-Regular.otf></home/selin/.local/texlive/2023
/texmf-dist/fonts/opentype/public/fira/FiraSans-Medium.otf></home/selin/.local/t
exlive/2023/texmf-dist/fonts/opentype/public/fira/FiraSans-Light.otf>
Output written on example.pdf (18 pages, 523784 bytes).

PDF statistics: 226 PDF objects out of 1000 (max. 8388607)
 162 compressed objects within 2 object streams
 41 named destinations out of 1000 (max. 131072)
 48 words of extra memory for PDF output out of 10000 (max. 100000000)

